Using pre-set license
Built from '2022.3/staging' branch; Version is '2022.3.24f1 (334eb2a0b267) revision 3362482'; Using compiler version '192829333'; Build Type 'Release'
OS: 'Windows 11  (10.0.22631) 64bit CoreCountrySpecific' Language: 'zh' Physical Memory: 16064 MB
BatchMode: 1, IsHumanControllingUs: 0, StartBugReporterOnCrash: 0, Is64bit: 1, IsPro: 1

COMMAND LINE ARGUMENTS:
D:\unity\Unity 2022.3.24f1\Editor\Unity.exe
-adb2
-batchMode
-noUpm
-name
AssetImportWorker7
-projectPath
D:/unity浣涓/My project (11)
-logFile
Logs/AssetImportWorker7.log
-srvPort
53711
Successfully changed project path to: D:/unity浣涓/My project (11)
D:/unity浣涓/My project (11)
[UnityMemory] Configuration Parameters - Can be set up in boot.config
    "memorysetup-bucket-allocator-granularity=16"
    "memorysetup-bucket-allocator-bucket-count=8"
    "memorysetup-bucket-allocator-block-size=33554432"
    "memorysetup-bucket-allocator-block-count=8"
    "memorysetup-main-allocator-block-size=16777216"
    "memorysetup-thread-allocator-block-size=16777216"
    "memorysetup-gfx-main-allocator-block-size=16777216"
    "memorysetup-gfx-thread-allocator-block-size=16777216"
    "memorysetup-cache-allocator-block-size=4194304"
    "memorysetup-typetree-allocator-block-size=2097152"
    "memorysetup-profiler-bucket-allocator-granularity=16"
    "memorysetup-profiler-bucket-allocator-bucket-count=8"
    "memorysetup-profiler-bucket-allocator-block-size=33554432"
    "memorysetup-profiler-bucket-allocator-block-count=8"
    "memorysetup-profiler-allocator-block-size=16777216"
    "memorysetup-profiler-editor-allocator-block-size=1048576"
    "memorysetup-temp-allocator-size-main=16777216"
    "memorysetup-job-temp-allocator-block-size=2097152"
    "memorysetup-job-temp-allocator-block-size-background=1048576"
    "memorysetup-job-temp-allocator-reduction-small-platforms=262144"
    "memorysetup-allocator-temp-initial-block-size-main=262144"
    "memorysetup-allocator-temp-initial-block-size-worker=262144"
    "memorysetup-temp-allocator-size-background-worker=32768"
    "memorysetup-temp-allocator-size-job-worker=262144"
    "memorysetup-temp-allocator-size-preload-manager=33554432"
    "memorysetup-temp-allocator-size-nav-mesh-worker=65536"
    "memorysetup-temp-allocator-size-audio-worker=65536"
    "memorysetup-temp-allocator-size-cloud-worker=32768"
    "memorysetup-temp-allocator-size-gi-baking-worker=262144"
    "memorysetup-temp-allocator-size-gfx=262144"
Player connection [19292] Host "[IP] 192.168.0.165 [Port] 0 [Flags] 2 [Guid] 4097191303 [EditorId] 4097191303 [Version] 1048832 [Id] WindowsEditor(7,Shika) [Debug] 1 [PackageName] WindowsEditor [ProjectName] Editor" joined multi-casting on [225.0.0.222:54997]...

Player connection [19292] Host "[IP] 192.168.0.165 [Port] 0 [Flags] 2 [Guid] 4097191303 [EditorId] 4097191303 [Version] 1048832 [Id] WindowsEditor(7,Shika) [Debug] 1 [PackageName] WindowsEditor [ProjectName] Editor" joined alternative multi-casting on [225.0.0.222:34997]...

[Physics::Module] Initialized MultithreadedJobDispatcher with 31 workers.
Refreshing native plugins compatible for Editor in 8.77 ms, found 3 plugins.
Preloading 0 native plugins for Editor in 0.00 ms.
Initialize engine version: 2022.3.24f1 (334eb2a0b267)
[Subsystems] Discovering subsystems at path D:/unity/Unity 2022.3.24f1/Editor/Data/Resources/UnitySubsystems
[Subsystems] Discovering subsystems at path D:/unity浣涓/My project (11)/Assets
GfxDevice: creating device client; threaded=0; jobified=0
Direct3D:
    Version:  Direct3D 11.0 [level 11.1]
    Renderer: NVIDIA GeForce RTX 4060 Laptop GPU (ID=0x28e0)
    Vendor:   NVIDIA
    VRAM:     7957 MB
    Driver:   32.0.15.6094
Initialize mono
Mono path[0] = 'D:/unity/Unity 2022.3.24f1/Editor/Data/Managed'
Mono path[1] = 'D:/unity/Unity 2022.3.24f1/Editor/Data/MonoBleedingEdge/lib/mono/unityjit-win32'
Mono config path = 'D:/unity/Unity 2022.3.24f1/Editor/Data/MonoBleedingEdge/etc'
Using monoOptions --debugger-agent=transport=dt_socket,embedding=1,server=y,suspend=n,address=127.0.0.1:56048
Begin MonoManager ReloadAssembly
Registering precompiled unity dll's ...
Register platform support module: D:/unity/Unity 2022.3.24f1/Editor/Data/PlaybackEngines/WindowsStandaloneSupport/UnityEditor.WindowsStandalone.Extensions.dll
Registered in 0.003261 seconds.
- Loaded All Assemblies, in  0.349 seconds
Native extension for WindowsStandalone target not found
Mono: successfully reloaded assembly
- Finished resetting the current domain, in  0.199 seconds
Domain Reload Profiling: 548ms
	BeginReloadAssembly (178ms)
		ExecutionOrderSort (0ms)
		DisableScriptedObjects (0ms)
		BackupInstance (0ms)
		ReleaseScriptingObjects (0ms)
		CreateAndSetChildDomain (0ms)
	RebuildCommonClasses (24ms)
	RebuildNativeTypeToScriptingClass (7ms)
	initialDomainReloadingComplete (37ms)
	LoadAllAssembliesAndSetupDomain (102ms)
		LoadAssemblies (178ms)
		RebuildTransferFunctionScriptingTraits (0ms)
		AnalyzeDomain (100ms)
			TypeCache.Refresh (99ms)
				TypeCache.ScanAssembly (89ms)
			ScanForSourceGeneratedMonoScriptInfo (0ms)
			ResolveRequiredComponents (0ms)
	FinalizeReload (200ms)
		ReleaseScriptCaches (0ms)
		RebuildScriptCaches (0ms)
		SetupLoadedEditorAssemblies (158ms)
			LogAssemblyErrors (0ms)
			InitializePlatformSupportModulesInManaged (6ms)
			SetLoadedEditorAssemblies (5ms)
			RefreshPlugins (0ms)
			BeforeProcessingInitializeOnLoad (2ms)
			ProcessInitializeOnLoadAttributes (112ms)
			ProcessInitializeOnLoadMethodAttributes (32ms)
			AfterProcessingInitializeOnLoad (0ms)
			EditorAssembliesLoaded (0ms)
		ExecutionOrderSort2 (0ms)
		AwakeInstancesAfterBackupRestoration (0ms)
========================================================================
Worker process is ready to serve import requests
Begin MonoManager ReloadAssembly
- Loaded All Assemblies, in  0.605 seconds
Refreshing native plugins compatible for Editor in 2.38 ms, found 3 plugins.
Native extension for WindowsStandalone target not found
Package Manager log level set to [2]
[Package Manager] Server::EnsureServerProcessIsRunning -- launch failed, reason: Unity was launched with the -noUpm command-line argument
[Package Manager] UpmClient::Send -- Unable to send message (not connected to UPM process).
[Package Manager] Cannot connect to Unity Package Manager local server
Mono: successfully reloaded assembly
- Finished resetting the current domain, in  0.444 seconds
Domain Reload Profiling: 1049ms
	BeginReloadAssembly (184ms)
		ExecutionOrderSort (0ms)
		DisableScriptedObjects (4ms)
		BackupInstance (0ms)
		ReleaseScriptingObjects (0ms)
		CreateAndSetChildDomain (24ms)
	RebuildCommonClasses (25ms)
	RebuildNativeTypeToScriptingClass (8ms)
	initialDomainReloadingComplete (28ms)
	LoadAllAssembliesAndSetupDomain (360ms)
		LoadAssemblies (348ms)
		RebuildTransferFunctionScriptingTraits (0ms)
		AnalyzeDomain (146ms)
			TypeCache.Refresh (127ms)
				TypeCache.ScanAssembly (116ms)
			ScanForSourceGeneratedMonoScriptInfo (14ms)
			ResolveRequiredComponents (4ms)
	FinalizeReload (445ms)
		ReleaseScriptCaches (0ms)
		RebuildScriptCaches (0ms)
		SetupLoadedEditorAssemblies (333ms)
			LogAssemblyErrors (0ms)
			InitializePlatformSupportModulesInManaged (3ms)
			SetLoadedEditorAssemblies (2ms)
			RefreshPlugins (0ms)
			BeforeProcessingInitializeOnLoad (43ms)
			ProcessInitializeOnLoadAttributes (268ms)
			ProcessInitializeOnLoadMethodAttributes (15ms)
			AfterProcessingInitializeOnLoad (2ms)
			EditorAssembliesLoaded (0ms)
		ExecutionOrderSort2 (0ms)
		AwakeInstancesAfterBackupRestoration (7ms)
Launched and connected shader compiler UnityShaderCompiler.exe after 0.07 seconds
Refreshing native plugins compatible for Editor in 4.58 ms, found 3 plugins.
Preloading 0 native plugins for Editor in 0.00 ms.
Unloading 4090 Unused Serialized files (Serialized files now loaded: 0)
Unloading 57 unused Assets / (196.1 KB). Loaded Objects now: 4556.
Memory consumption went from 157.0 MB to 156.8 MB.
Total: 3.975700 ms (FindLiveObjects: 0.617000 ms CreateObjectMapping: 0.315300 ms MarkObjects: 2.806000 ms  DeleteObjects: 0.236000 ms)

AssetImportParameters requested are different than current active one (requested -> active):
  custom:container-demuxer-ogg: 62fdf1f143b41e24485cea50d1cbac27 -> 
  custom:video-codec-MediaFoundation-h265: 746d11721c4dcdbdad8f713fa42b33f4 -> 
  custom:video-decoder-ogg-theora: a1e56fd34408186e4bbccfd4996cb3dc -> 
  custom:framework-win-MediaFoundation: 216162199b28c13a410421893ffa2e32 -> 
  custom:CustomObjectIndexerAttribute: 9a22284fe3817be447336de3de66b15e -> 
  custom:container-demuxer-webm: 4f35f7cbe854078d1ac9338744f61a02 -> 
  custom:container-muxer-webm: aa71ff27fc2769a1b78a27578f13a17b -> 
  custom:video-decoder-webm-vp8: 9c59270c3fd7afecdb556c50c9e8de78 -> 
  custom:SearchIndexIgnoredProperties: e643bd26f0fe6173181afceb89e7c659 -> 
  custom:AudioImporter_EditorPlatform: d09bf68614088b80899f8185d706f6e7 -> 
  custom:video-encoder-webm-vp8: eb34c28f22e8b96e1ab97ce403110664 -> 
  custom:audio-decoder-ogg-vorbis: bf7c407c2cedff20999df2af8eb42d56 -> 
  custom:audio-encoder-webm-vorbis: bf7c407c2cedff20999df2af8eb42d56 -> 
========================================================================
Received Import Request.
  Time since last request: 1166287.391573 seconds.
  path: Assets/Player anime/Materials/EL_ken_EL_ken1_standardSurface3.mat
  artifactKey: Guid(e52ef29f54df22649b87ec3a4d976b5a) Importer(815301076,1909f56bfc062723c751e8b465ee728b)
Start importing Assets/Player anime/Materials/EL_ken_EL_ken1_standardSurface3.mat using Guid(e52ef29f54df22649b87ec3a4d976b5a) Importer(815301076,1909f56bfc062723c751e8b465ee728b)  -> (artifact id: '5e45479e079e41fe1a0409ae1194b325') in 0.074748 seconds
Number of updated asset objects reloaded before import = 0
Number of asset objects unloaded after import = 1
========================================================================
Received Import Request.
  Time since last request: 0.025870 seconds.
  path: Assets/Player anime/Materials/EL_ken_EL_ken1_standardSurface4.mat
  artifactKey: Guid(8b9bd04d69ad433488e7624fe6b62e06) Importer(815301076,1909f56bfc062723c751e8b465ee728b)
Start importing Assets/Player anime/Materials/EL_ken_EL_ken1_standardSurface4.mat using Guid(8b9bd04d69ad433488e7624fe6b62e06) Importer(815301076,1909f56bfc062723c751e8b465ee728b)  -> (artifact id: 'b0bc36fe189027d8b1a211bce63b22f3') in 0.005651 seconds
Number of updated asset objects reloaded before import = 0
Number of asset objects unloaded after import = 1
========================================================================
Received Import Request.
  Time since last request: 0.080246 seconds.
  path: Assets/Player anime/Materials/EL_ken_EL_ken1_standardSurface5.mat
  artifactKey: Guid(b08a5e0f7f65a8f4d979a72920238d09) Importer(815301076,1909f56bfc062723c751e8b465ee728b)
Start importing Assets/Player anime/Materials/EL_ken_EL_ken1_standardSurface5.mat using Guid(b08a5e0f7f65a8f4d979a72920238d09) Importer(815301076,1909f56bfc062723c751e8b465ee728b)  -> (artifact id: 'b8b40bc74e835440ebb90c7228ca32b3') in 0.006611 seconds
Number of updated asset objects reloaded before import = 0
Number of asset objects unloaded after import = 1
========================================================================
Received Import Request.
  Time since last request: 0.072626 seconds.
  path: Assets/Player anime/Materials/standardSurface18.mat
  artifactKey: Guid(87d8e92b41c0ff4498dc4be4f1c8e92a) Importer(815301076,1909f56bfc062723c751e8b465ee728b)
Start importing Assets/Player anime/Materials/standardSurface18.mat using Guid(87d8e92b41c0ff4498dc4be4f1c8e92a) Importer(815301076,1909f56bfc062723c751e8b465ee728b)  -> (artifact id: '119a81d14c994a46f6bc2c01a5469d40') in 0.005596 seconds
Number of updated asset objects reloaded before import = 0
Number of asset objects unloaded after import = 1
========================================================================
Received Import Request.
  Time since last request: 0.069430 seconds.
  path: Assets/Player anime/Materials/standardSurface24.mat
  artifactKey: Guid(8869b81a5ea531b4181c8cbc39a1a459) Importer(815301076,1909f56bfc062723c751e8b465ee728b)
Start importing Assets/Player anime/Materials/standardSurface24.mat using Guid(8869b81a5ea531b4181c8cbc39a1a459) Importer(815301076,1909f56bfc062723c751e8b465ee728b)  -> (artifact id: 'd0be0eb1335b5e6bf473916ace840a48') in 0.005134 seconds
Number of updated asset objects reloaded before import = 0
Number of asset objects unloaded after import = 1
========================================================================
Received Import Request.
  Time since last request: 0.000011 seconds.
  path: Assets/Player anime/Materials/standardSurface23.mat
  artifactKey: Guid(7a55488194d51c54c91154c88bf3f4bd) Importer(815301076,1909f56bfc062723c751e8b465ee728b)
Start importing Assets/Player anime/Materials/standardSurface23.mat using Guid(7a55488194d51c54c91154c88bf3f4bd) Importer(815301076,1909f56bfc062723c751e8b465ee728b)  -> (artifact id: '67f5a8560181fd78143c41d9716e3d29') in 0.004784 seconds
Number of updated asset objects reloaded before import = 0
Number of asset objects unloaded after import = 1
========================================================================
Received Import Request.
  Time since last request: 0.000011 seconds.
  path: Assets/Player anime/Materials/standardSurface11.mat
  artifactKey: Guid(0ce4e6b82a6bd9248b95de1bc4830a0c) Importer(815301076,1909f56bfc062723c751e8b465ee728b)
Start importing Assets/Player anime/Materials/standardSurface11.mat using Guid(0ce4e6b82a6bd9248b95de1bc4830a0c) Importer(815301076,1909f56bfc062723c751e8b465ee728b)  -> (artifact id: 'ad55b2023d000e817c3f0bc8eaee439b') in 0.029304 seconds
Number of updated asset objects reloaded before import = 0
Number of asset objects unloaded after import = 1
========================================================================
Received Import Request.
  Time since last request: 0.000015 seconds.
  path: Assets/Player anime/Materials/standardSurface17.mat
  artifactKey: Guid(f5fc0e71b4a4ad64585136445f7e304c) Importer(815301076,1909f56bfc062723c751e8b465ee728b)
Start importing Assets/Player anime/Materials/standardSurface17.mat using Guid(f5fc0e71b4a4ad64585136445f7e304c) Importer(815301076,1909f56bfc062723c751e8b465ee728b)  -> (artifact id: 'a85e571fe774c5a4a9226e862f9b8b4a') in 0.004029 seconds
Number of updated asset objects reloaded before import = 0
Number of asset objects unloaded after import = 1
========================================================================
Received Import Request.
  Time since last request: 0.000018 seconds.
  path: Assets/Player anime/Materials/standardSurface16.mat
  artifactKey: Guid(54982db5b39e9ad41b56f3f17d0526d3) Importer(815301076,1909f56bfc062723c751e8b465ee728b)
Start importing Assets/Player anime/Materials/standardSurface16.mat using Guid(54982db5b39e9ad41b56f3f17d0526d3) Importer(815301076,1909f56bfc062723c751e8b465ee728b)  -> (artifact id: 'f43e325d0fa68bbd79831bdef0f7030e') in 0.004705 seconds
Number of updated asset objects reloaded before import = 0
Number of asset objects unloaded after import = 1
========================================================================
Received Import Request.
  Time since last request: 1.783103 seconds.
  path: Assets/Player anime/New Folder/EL_ken_EL_ken1_standardSurface2 3.mat
  artifactKey: Guid(dfcf23a6dcd64a041893b5e079053c8a) Importer(815301076,1909f56bfc062723c751e8b465ee728b)
Start importing Assets/Player anime/New Folder/EL_ken_EL_ken1_standardSurface2 3.mat using Guid(dfcf23a6dcd64a041893b5e079053c8a) Importer(815301076,1909f56bfc062723c751e8b465ee728b)  -> (artifact id: '644010562647deb52f3997cceb01e53d') in 0.013880 seconds
Number of updated asset objects reloaded before import = 0
Number of asset objects unloaded after import = 1
========================================================================
Received Import Request.
  Time since last request: 0.062280 seconds.
  path: Assets/Player anime/New Folder/EL_ken_EL_ken1_standardSurface4 3.mat
  artifactKey: Guid(edec6d33b54666048834a5b1991bf8be) Importer(815301076,1909f56bfc062723c751e8b465ee728b)
Start importing Assets/Player anime/New Folder/EL_ken_EL_ken1_standardSurface4 3.mat using Guid(edec6d33b54666048834a5b1991bf8be) Importer(815301076,1909f56bfc062723c751e8b465ee728b)  -> (artifact id: '34743163e1e7c54d9ba727b7749ffa68') in 0.004856 seconds
Number of updated asset objects reloaded before import = 0
Number of asset objects unloaded after import = 1
========================================================================
Received Import Request.
  Time since last request: 0.068387 seconds.
  path: Assets/Player anime/New Folder/standardSurface16 2.mat
  artifactKey: Guid(f019abb037f3c3649b682418f8584e1e) Importer(815301076,1909f56bfc062723c751e8b465ee728b)
Start importing Assets/Player anime/New Folder/standardSurface16 2.mat using Guid(f019abb037f3c3649b682418f8584e1e) Importer(815301076,1909f56bfc062723c751e8b465ee728b)  -> (artifact id: '0ecf4af9f4dae653d94227fdd5d44bd3') in 0.005342 seconds
Number of updated asset objects reloaded before import = 0
Number of asset objects unloaded after import = 1
========================================================================
Received Import Request.
  Time since last request: 0.000043 seconds.
  path: Assets/Player anime/New Folder/standardSurface17 2.mat
  artifactKey: Guid(e13c93b73c76c6d468c3905e6ec0a267) Importer(815301076,1909f56bfc062723c751e8b465ee728b)
Start importing Assets/Player anime/New Folder/standardSurface17 2.mat using Guid(e13c93b73c76c6d468c3905e6ec0a267) Importer(815301076,1909f56bfc062723c751e8b465ee728b)  -> (artifact id: '935983e85778d6b5f5ee1a3acec90b7b') in 0.005049 seconds
Number of updated asset objects reloaded before import = 0
Number of asset objects unloaded after import = 1
========================================================================
Received Import Request.
  Time since last request: 0.000015 seconds.
  path: Assets/Player anime/New Folder/standardSurface22 3.mat
  artifactKey: Guid(fd2877b828037b247b25c3feab908760) Importer(815301076,1909f56bfc062723c751e8b465ee728b)
Start importing Assets/Player anime/New Folder/standardSurface22 3.mat using Guid(fd2877b828037b247b25c3feab908760) Importer(815301076,1909f56bfc062723c751e8b465ee728b)  -> (artifact id: 'eb8f7879c68cfba974aa5874aee95134') in 0.004826 seconds
Number of updated asset objects reloaded before import = 0
Number of asset objects unloaded after import = 1
========================================================================
Received Import Request.
  Time since last request: 0.000023 seconds.
  path: Assets/Player anime/New Folder/standardSurface18 2.mat
  artifactKey: Guid(26b722306c7bb044f9ac92c2d4257f80) Importer(815301076,1909f56bfc062723c751e8b465ee728b)
Start importing Assets/Player anime/New Folder/standardSurface18 2.mat using Guid(26b722306c7bb044f9ac92c2d4257f80) Importer(815301076,1909f56bfc062723c751e8b465ee728b)  -> (artifact id: '5ac85635861af80406b9568d64a08be8') in 0.004627 seconds
Number of updated asset objects reloaded before import = 0
Number of asset objects unloaded after import = 1
========================================================================
Received Import Request.
  Time since last request: 0.000025 seconds.
  path: Assets/Player anime/New Folder/EL_ken_pasted__pasted__pasted__houseki_red 3.mat
  artifactKey: Guid(29d26b4e9687e304ca7cc9e431e36ddc) Importer(815301076,1909f56bfc062723c751e8b465ee728b)
Start importing Assets/Player anime/New Folder/EL_ken_pasted__pasted__pasted__houseki_red 3.mat using Guid(29d26b4e9687e304ca7cc9e431e36ddc) Importer(815301076,1909f56bfc062723c751e8b465ee728b)  -> (artifact id: '71de1e9220697480ab8e988b70b3fd8a') in 0.005510 seconds
Number of updated asset objects reloaded before import = 0
Number of asset objects unloaded after import = 1
========================================================================
Received Import Request.
  Time since last request: 0.000012 seconds.
  path: Assets/Player anime/New Folder/standardSurface24 3.mat
  artifactKey: Guid(b1d2fb9d79d13aa46a66900e3d263a67) Importer(815301076,1909f56bfc062723c751e8b465ee728b)
Start importing Assets/Player anime/New Folder/standardSurface24 3.mat using Guid(b1d2fb9d79d13aa46a66900e3d263a67) Importer(815301076,1909f56bfc062723c751e8b465ee728b)  -> (artifact id: 'e24035ad70480ae37fb734eb964bcb94') in 0.005630 seconds
Number of updated asset objects reloaded before import = 0
Number of asset objects unloaded after import = 1
========================================================================
Received Import Request.
  Time since last request: 0.000021 seconds.
  path: Assets/Player anime/New Folder/standardSurface22 2.mat
  artifactKey: Guid(943c1e09d6854cf4c9cfa6ecf857cb9b) Importer(815301076,1909f56bfc062723c751e8b465ee728b)
Start importing Assets/Player anime/New Folder/standardSurface22 2.mat using Guid(943c1e09d6854cf4c9cfa6ecf857cb9b) Importer(815301076,1909f56bfc062723c751e8b465ee728b)  -> (artifact id: 'ec54993d7256fb68eda14895cd6b8e1c') in 0.006246 seconds
Number of updated asset objects reloaded before import = 0
Number of asset objects unloaded after import = 1
========================================================================
Received Import Request.
  Time since last request: 0.000018 seconds.
  path: Assets/Player anime/New Folder/standardSurface12 3.mat
  artifactKey: Guid(acae783985b76c04799b2e3a29bdc9de) Importer(815301076,1909f56bfc062723c751e8b465ee728b)
Start importing Assets/Player anime/New Folder/standardSurface12 3.mat using Guid(acae783985b76c04799b2e3a29bdc9de) Importer(815301076,1909f56bfc062723c751e8b465ee728b)  -> (artifact id: 'e28e43fe01120db716eba47100c96591') in 0.006147 seconds
Number of updated asset objects reloaded before import = 0
Number of asset objects unloaded after import = 1
========================================================================
Received Import Request.
  Time since last request: 0.000017 seconds.
  path: Assets/Player anime/New Folder/standardSurface25 2.mat
  artifactKey: Guid(f4b3b09da15f18348ab1bf888cadcb89) Importer(815301076,1909f56bfc062723c751e8b465ee728b)
Start importing Assets/Player anime/New Folder/standardSurface25 2.mat using Guid(f4b3b09da15f18348ab1bf888cadcb89) Importer(815301076,1909f56bfc062723c751e8b465ee728b)  -> (artifact id: '6e81b1973f70dc7a9d2cb41f9a849d8b') in 0.005798 seconds
Number of updated asset objects reloaded before import = 0
Number of asset objects unloaded after import = 1
========================================================================
Received Import Request.
  Time since last request: 0.000015 seconds.
  path: Assets/Player anime/New Folder/standardSurface26 2.mat
  artifactKey: Guid(2c0bf37756ba07942aa04db5e8013efa) Importer(815301076,1909f56bfc062723c751e8b465ee728b)
Start importing Assets/Player anime/New Folder/standardSurface26 2.mat using Guid(2c0bf37756ba07942aa04db5e8013efa) Importer(815301076,1909f56bfc062723c751e8b465ee728b)  -> (artifact id: '12b56ebbca77f8f950b8d544018a53ed') in 0.006133 seconds
Number of updated asset objects reloaded before import = 0
Number of asset objects unloaded after import = 1
========================================================================
Received Import Request.
  Time since last request: 0.000018 seconds.
  path: Assets/Player anime/New Folder/standardSurface19 3.mat
  artifactKey: Guid(fa6b10cd256b5984794c47d7f5c50d8d) Importer(815301076,1909f56bfc062723c751e8b465ee728b)
Start importing Assets/Player anime/New Folder/standardSurface19 3.mat using Guid(fa6b10cd256b5984794c47d7f5c50d8d) Importer(815301076,1909f56bfc062723c751e8b465ee728b)  -> (artifact id: 'f6f0e145b365380e89d2f23b4c61d2a5') in 0.007606 seconds
Number of updated asset objects reloaded before import = 0
Number of asset objects unloaded after import = 1
========================================================================
Received Import Request.
  Time since last request: 0.000044 seconds.
  path: Assets/Player anime/New Folder/standardSurface29 3.mat
  artifactKey: Guid(361b5677ba7cc604e920b748e5501711) Importer(815301076,1909f56bfc062723c751e8b465ee728b)
Start importing Assets/Player anime/New Folder/standardSurface29 3.mat using Guid(361b5677ba7cc604e920b748e5501711) Importer(815301076,1909f56bfc062723c751e8b465ee728b)  -> (artifact id: 'c10a75cb8e5c5055d5b9d46f420e9586') in 0.004952 seconds
Number of updated asset objects reloaded before import = 0
Number of asset objects unloaded after import = 1
========================================================================
Received Import Request.
  Time since last request: 0.000019 seconds.
  path: Assets/Player anime/New Folder/standardSurface16 3.mat
  artifactKey: Guid(4c8d095740b08ab42ba63ea520c05272) Importer(815301076,1909f56bfc062723c751e8b465ee728b)
Start importing Assets/Player anime/New Folder/standardSurface16 3.mat using Guid(4c8d095740b08ab42ba63ea520c05272) Importer(815301076,1909f56bfc062723c751e8b465ee728b)  -> (artifact id: '8736ffec7b0529e8330ec3f94723780c') in 0.005480 seconds
Number of updated asset objects reloaded before import = 0
Number of asset objects unloaded after import = 1
========================================================================
Received Import Request.
  Time since last request: 0.000021 seconds.
  path: Assets/Player anime/New Folder/EL_ken_EL_ken1_standardSurface5 3.mat
  artifactKey: Guid(e158d0fa2c233074da2c60bbcb63b038) Importer(815301076,1909f56bfc062723c751e8b465ee728b)
Start importing Assets/Player anime/New Folder/EL_ken_EL_ken1_standardSurface5 3.mat using Guid(e158d0fa2c233074da2c60bbcb63b038) Importer(815301076,1909f56bfc062723c751e8b465ee728b)  -> (artifact id: '2f701790c13744cf9eaf1604dc70bf25') in 0.005771 seconds
Number of updated asset objects reloaded before import = 0
Number of asset objects unloaded after import = 1
========================================================================
Received Import Request.
  Time since last request: 0.000014 seconds.
  path: Assets/Player anime/New Folder/standardSurface23 3.mat
  artifactKey: Guid(f1b0a71a116f4124e96f580ea4a6b816) Importer(815301076,1909f56bfc062723c751e8b465ee728b)
Start importing Assets/Player anime/New Folder/standardSurface23 3.mat using Guid(f1b0a71a116f4124e96f580ea4a6b816) Importer(815301076,1909f56bfc062723c751e8b465ee728b)  -> (artifact id: 'cef5f888c04cb086555cc146c2322775') in 0.010170 seconds
Number of updated asset objects reloaded before import = 0
Number of asset objects unloaded after import = 1
Editor requested this worker to shutdown with reason: Scaling down because of idle timeout
TcpMessagingSession - receive error: operation aborted. errorcode: 995, details: 由于线程退出或应用程序请求，已中止 I/O 操作。
AssetImportWorker is now disconnected from the server
Process exiting
Exiting without the bug reporter. Application will terminate with return code 0