Using pre-set license
Built from '2022.3/staging' branch; Version is '2022.3.24f1 (334eb2a0b267) revision 3362482'; Using compiler version '192829333'; Build Type 'Release'
OS: 'Windows 11  (10.0.22631) 64bit CoreCountrySpecific' Language: 'zh' Physical Memory: 16064 MB
BatchMode: 1, IsHumanControllingUs: 0, StartBugReporterOnCrash: 0, Is64bit: 1, IsPro: 1

COMMAND LINE ARGUMENTS:
D:\unity\Unity 2022.3.24f1\Editor\Unity.exe
-adb2
-batchMode
-noUpm
-name
AssetImportWorker3
-projectPath
D:/unity浣涓/My project (11)
-logFile
Logs/AssetImportWorker3.log
-srvPort
53711
Successfully changed project path to: D:/unity浣涓/My project (11)
D:/unity浣涓/My project (11)
[UnityMemory] Configuration Parameters - Can be set up in boot.config
    "memorysetup-bucket-allocator-granularity=16"
    "memorysetup-bucket-allocator-bucket-count=8"
    "memorysetup-bucket-allocator-block-size=33554432"
    "memorysetup-bucket-allocator-block-count=8"
    "memorysetup-main-allocator-block-size=16777216"
    "memorysetup-thread-allocator-block-size=16777216"
    "memorysetup-gfx-main-allocator-block-size=16777216"
    "memorysetup-gfx-thread-allocator-block-size=16777216"
    "memorysetup-cache-allocator-block-size=4194304"
    "memorysetup-typetree-allocator-block-size=2097152"
    "memorysetup-profiler-bucket-allocator-granularity=16"
    "memorysetup-profiler-bucket-allocator-bucket-count=8"
    "memorysetup-profiler-bucket-allocator-block-size=33554432"
    "memorysetup-profiler-bucket-allocator-block-count=8"
    "memorysetup-profiler-allocator-block-size=16777216"
    "memorysetup-profiler-editor-allocator-block-size=1048576"
    "memorysetup-temp-allocator-size-main=16777216"
    "memorysetup-job-temp-allocator-block-size=2097152"
    "memorysetup-job-temp-allocator-block-size-background=1048576"
    "memorysetup-job-temp-allocator-reduction-small-platforms=262144"
    "memorysetup-allocator-temp-initial-block-size-main=262144"
    "memorysetup-allocator-temp-initial-block-size-worker=262144"
    "memorysetup-temp-allocator-size-background-worker=32768"
    "memorysetup-temp-allocator-size-job-worker=262144"
    "memorysetup-temp-allocator-size-preload-manager=33554432"
    "memorysetup-temp-allocator-size-nav-mesh-worker=65536"
    "memorysetup-temp-allocator-size-audio-worker=65536"
    "memorysetup-temp-allocator-size-cloud-worker=32768"
    "memorysetup-temp-allocator-size-gi-baking-worker=262144"
    "memorysetup-temp-allocator-size-gfx=262144"
Player connection [38092] Host "[IP] 192.168.0.165 [Port] 0 [Flags] 2 [Guid] 4189038493 [EditorId] 4189038493 [Version] 1048832 [Id] WindowsEditor(7,Shika) [Debug] 1 [PackageName] WindowsEditor [ProjectName] Editor" joined multi-casting on [225.0.0.222:54997]...

Player connection [38092] Host "[IP] 192.168.0.165 [Port] 0 [Flags] 2 [Guid] 4189038493 [EditorId] 4189038493 [Version] 1048832 [Id] WindowsEditor(7,Shika) [Debug] 1 [PackageName] WindowsEditor [ProjectName] Editor" joined alternative multi-casting on [225.0.0.222:34997]...

[Physics::Module] Initialized MultithreadedJobDispatcher with 31 workers.
Refreshing native plugins compatible for Editor in 8.07 ms, found 3 plugins.
Preloading 0 native plugins for Editor in 0.00 ms.
Initialize engine version: 2022.3.24f1 (334eb2a0b267)
[Subsystems] Discovering subsystems at path D:/unity/Unity 2022.3.24f1/Editor/Data/Resources/UnitySubsystems
[Subsystems] Discovering subsystems at path D:/unity浣涓/My project (11)/Assets
GfxDevice: creating device client; threaded=0; jobified=0
Direct3D:
    Version:  Direct3D 11.0 [level 11.1]
    Renderer: NVIDIA GeForce RTX 4060 Laptop GPU (ID=0x28e0)
    Vendor:   NVIDIA
    VRAM:     7957 MB
    Driver:   32.0.15.6094
Initialize mono
Mono path[0] = 'D:/unity/Unity 2022.3.24f1/Editor/Data/Managed'
Mono path[1] = 'D:/unity/Unity 2022.3.24f1/Editor/Data/MonoBleedingEdge/lib/mono/unityjit-win32'
Mono config path = 'D:/unity/Unity 2022.3.24f1/Editor/Data/MonoBleedingEdge/etc'
Using monoOptions --debugger-agent=transport=dt_socket,embedding=1,server=y,suspend=n,address=127.0.0.1:56260
Begin MonoManager ReloadAssembly
Registering precompiled unity dll's ...
Register platform support module: D:/unity/Unity 2022.3.24f1/Editor/Data/PlaybackEngines/WindowsStandaloneSupport/UnityEditor.WindowsStandalone.Extensions.dll
Registered in 0.002971 seconds.
- Loaded All Assemblies, in  0.250 seconds
Native extension for WindowsStandalone target not found
Mono: successfully reloaded assembly
- Finished resetting the current domain, in  0.177 seconds
Domain Reload Profiling: 427ms
	BeginReloadAssembly (97ms)
		ExecutionOrderSort (0ms)
		DisableScriptedObjects (0ms)
		BackupInstance (0ms)
		ReleaseScriptingObjects (0ms)
		CreateAndSetChildDomain (1ms)
	RebuildCommonClasses (23ms)
	RebuildNativeTypeToScriptingClass (7ms)
	initialDomainReloadingComplete (32ms)
	LoadAllAssembliesAndSetupDomain (90ms)
		LoadAssemblies (97ms)
		RebuildTransferFunctionScriptingTraits (0ms)
		AnalyzeDomain (88ms)
			TypeCache.Refresh (87ms)
				TypeCache.ScanAssembly (78ms)
			ScanForSourceGeneratedMonoScriptInfo (0ms)
			ResolveRequiredComponents (0ms)
	FinalizeReload (177ms)
		ReleaseScriptCaches (0ms)
		RebuildScriptCaches (0ms)
		SetupLoadedEditorAssemblies (139ms)
			LogAssemblyErrors (0ms)
			InitializePlatformSupportModulesInManaged (5ms)
			SetLoadedEditorAssemblies (5ms)
			RefreshPlugins (0ms)
			BeforeProcessingInitializeOnLoad (1ms)
			ProcessInitializeOnLoadAttributes (96ms)
			ProcessInitializeOnLoadMethodAttributes (32ms)
			AfterProcessingInitializeOnLoad (0ms)
			EditorAssembliesLoaded (0ms)
		ExecutionOrderSort2 (0ms)
		AwakeInstancesAfterBackupRestoration (0ms)
========================================================================
Worker process is ready to serve import requests
Begin MonoManager ReloadAssembly
- Loaded All Assemblies, in  0.486 seconds
Refreshing native plugins compatible for Editor in 2.52 ms, found 3 plugins.
Native extension for WindowsStandalone target not found
Package Manager log level set to [2]
[Package Manager] Server::EnsureServerProcessIsRunning -- launch failed, reason: Unity was launched with the -noUpm command-line argument
[Package Manager] UpmClient::Send -- Unable to send message (not connected to UPM process).
[Package Manager] Cannot connect to Unity Package Manager local server
Mono: successfully reloaded assembly
- Finished resetting the current domain, in  0.426 seconds
Domain Reload Profiling: 912ms
	BeginReloadAssembly (130ms)
		ExecutionOrderSort (0ms)
		DisableScriptedObjects (3ms)
		BackupInstance (0ms)
		ReleaseScriptingObjects (0ms)
		CreateAndSetChildDomain (17ms)
	RebuildCommonClasses (24ms)
	RebuildNativeTypeToScriptingClass (8ms)
	initialDomainReloadingComplete (26ms)
	LoadAllAssembliesAndSetupDomain (299ms)
		LoadAssemblies (251ms)
		RebuildTransferFunctionScriptingTraits (0ms)
		AnalyzeDomain (135ms)
			TypeCache.Refresh (116ms)
				TypeCache.ScanAssembly (105ms)
			ScanForSourceGeneratedMonoScriptInfo (14ms)
			ResolveRequiredComponents (4ms)
	FinalizeReload (427ms)
		ReleaseScriptCaches (0ms)
		RebuildScriptCaches (0ms)
		SetupLoadedEditorAssemblies (319ms)
			LogAssemblyErrors (0ms)
			InitializePlatformSupportModulesInManaged (3ms)
			SetLoadedEditorAssemblies (3ms)
			RefreshPlugins (0ms)
			BeforeProcessingInitializeOnLoad (39ms)
			ProcessInitializeOnLoadAttributes (260ms)
			ProcessInitializeOnLoadMethodAttributes (13ms)
			AfterProcessingInitializeOnLoad (2ms)
			EditorAssembliesLoaded (0ms)
		ExecutionOrderSort2 (0ms)
		AwakeInstancesAfterBackupRestoration (6ms)
Launched and connected shader compiler UnityShaderCompiler.exe after 0.06 seconds
Refreshing native plugins compatible for Editor in 2.60 ms, found 3 plugins.
Preloading 0 native plugins for Editor in 0.00 ms.
Unloading 4090 Unused Serialized files (Serialized files now loaded: 0)
Unloading 57 unused Assets / (178.8 KB). Loaded Objects now: 4556.
Memory consumption went from 157.1 MB to 156.9 MB.
Total: 2.808700 ms (FindLiveObjects: 0.261800 ms CreateObjectMapping: 0.069700 ms MarkObjects: 2.323000 ms  DeleteObjects: 0.153800 ms)

AssetImportParameters requested are different than current active one (requested -> active):
  custom:container-demuxer-ogg: 62fdf1f143b41e24485cea50d1cbac27 -> 
  custom:video-codec-MediaFoundation-h265: 746d11721c4dcdbdad8f713fa42b33f4 -> 
  custom:video-decoder-ogg-theora: a1e56fd34408186e4bbccfd4996cb3dc -> 
  custom:framework-win-MediaFoundation: 216162199b28c13a410421893ffa2e32 -> 
  custom:CustomObjectIndexerAttribute: 9a22284fe3817be447336de3de66b15e -> 
  custom:container-demuxer-webm: 4f35f7cbe854078d1ac9338744f61a02 -> 
  custom:container-muxer-webm: aa71ff27fc2769a1b78a27578f13a17b -> 
  custom:video-decoder-webm-vp8: 9c59270c3fd7afecdb556c50c9e8de78 -> 
  custom:SearchIndexIgnoredProperties: e643bd26f0fe6173181afceb89e7c659 -> 
  custom:AudioImporter_EditorPlatform: d09bf68614088b80899f8185d706f6e7 -> 
  custom:video-encoder-webm-vp8: eb34c28f22e8b96e1ab97ce403110664 -> 
  custom:audio-decoder-ogg-vorbis: bf7c407c2cedff20999df2af8eb42d56 -> 
  custom:audio-encoder-webm-vorbis: bf7c407c2cedff20999df2af8eb42d56 -> 
========================================================================
Received Import Request.
  Time since last request: 1165912.556231 seconds.
  path: Assets/Player anime/New Folder/character_hand_BaseColor.png
  artifactKey: Guid(9a8cba947abd6dc4bb5da76f44dc1504) Importer(815301076,1909f56bfc062723c751e8b465ee728b)
Start importing Assets/Player anime/New Folder/character_hand_BaseColor.png using Guid(9a8cba947abd6dc4bb5da76f44dc1504) Importer(815301076,1909f56bfc062723c751e8b465ee728b)  -> (artifact id: 'de6c68e920ed1788ca4ee614e00e9d45') in 0.038964 seconds
Number of updated asset objects reloaded before import = 0
Number of asset objects unloaded after import = 2
========================================================================
Received Import Request.
  Time since last request: 0.052256 seconds.
  path: Assets/Player anime/New Folder/character_hearmesshu_cape_BaseColor.png
  artifactKey: Guid(01600c9a88ba25641a33ec5df6181421) Importer(815301076,1909f56bfc062723c751e8b465ee728b)
Start importing Assets/Player anime/New Folder/character_hearmesshu_cape_BaseColor.png using Guid(01600c9a88ba25641a33ec5df6181421) Importer(815301076,1909f56bfc062723c751e8b465ee728b)  -> (artifact id: '9ffe6e1961cb96fb72ca77d549cf82b2') in 0.006378 seconds
Number of updated asset objects reloaded before import = 0
Number of asset objects unloaded after import = 2
========================================================================
Received Import Request.
  Time since last request: 0.077565 seconds.
  path: Assets/Player anime/New Folder/character_houseki_dodai_BaseColor.png
  artifactKey: Guid(301f5e7b582c96f448d520c76a104820) Importer(815301076,1909f56bfc062723c751e8b465ee728b)
Start importing Assets/Player anime/New Folder/character_houseki_dodai_BaseColor.png using Guid(301f5e7b582c96f448d520c76a104820) Importer(815301076,1909f56bfc062723c751e8b465ee728b)  -> (artifact id: '7c6e81b156884442eab6196f9edd1da6') in 0.006562 seconds
Number of updated asset objects reloaded before import = 0
Number of asset objects unloaded after import = 2
========================================================================
Received Import Request.
  Time since last request: 0.070288 seconds.
  path: Assets/Player anime/New Folder/character_pantu_BaseColor.png
  artifactKey: Guid(6348a4baef269344d89622a6185a6fbd) Importer(815301076,1909f56bfc062723c751e8b465ee728b)
Start importing Assets/Player anime/New Folder/character_pantu_BaseColor.png using Guid(6348a4baef269344d89622a6185a6fbd) Importer(815301076,1909f56bfc062723c751e8b465ee728b)  -> (artifact id: '229efaac31889a5767e52726baa3dd54') in 0.005467 seconds
Number of updated asset objects reloaded before import = 0
Number of asset objects unloaded after import = 2
========================================================================
Received Import Request.
  Time since last request: 0.073629 seconds.
  path: Assets/Player anime/New Folder/EL_ken_EL_ken1_standardSurface4.mat
  artifactKey: Guid(34438938869d22a4b9f02013c2c53550) Importer(815301076,1909f56bfc062723c751e8b465ee728b)
Start importing Assets/Player anime/New Folder/EL_ken_EL_ken1_standardSurface4.mat using Guid(34438938869d22a4b9f02013c2c53550) Importer(815301076,1909f56bfc062723c751e8b465ee728b)  -> (artifact id: '3ac90185317df09ee72ea001128399a7') in 0.070591 seconds
Number of updated asset objects reloaded before import = 0
Number of asset objects unloaded after import = 1
========================================================================
Received Import Request.
  Time since last request: 0.010000 seconds.
  path: Assets/Player anime/New Folder/EL_ken_EL_ken1_standardSurface2 1.mat
  artifactKey: Guid(fde85e420e5b6384cb276c9e977605d2) Importer(815301076,1909f56bfc062723c751e8b465ee728b)
Start importing Assets/Player anime/New Folder/EL_ken_EL_ken1_standardSurface2 1.mat using Guid(fde85e420e5b6384cb276c9e977605d2) Importer(815301076,1909f56bfc062723c751e8b465ee728b)  -> (artifact id: '2a93e2b3dbcda9000840125dd7832cbc') in 0.006671 seconds
Number of updated asset objects reloaded before import = 0
Number of asset objects unloaded after import = 1
========================================================================
Received Import Request.
  Time since last request: 0.071232 seconds.
  path: Assets/Player anime/New Folder/skin.png
  artifactKey: Guid(4cef85659a16086459be8a98d0b7cacc) Importer(815301076,1909f56bfc062723c751e8b465ee728b)
Start importing Assets/Player anime/New Folder/skin.png using Guid(4cef85659a16086459be8a98d0b7cacc) Importer(815301076,1909f56bfc062723c751e8b465ee728b)  -> (artifact id: '24a92956f99cc2bc715567a9be0a5b18') in 0.005803 seconds
Number of updated asset objects reloaded before import = 0
Number of asset objects unloaded after import = 2
========================================================================
Received Import Request.
  Time since last request: 0.000025 seconds.
  path: Assets/Player anime/New Folder/standardSurface22.mat
  artifactKey: Guid(67fede6c6b532a549bf3adaef777abac) Importer(815301076,1909f56bfc062723c751e8b465ee728b)
Start importing Assets/Player anime/New Folder/standardSurface22.mat using Guid(67fede6c6b532a549bf3adaef777abac) Importer(815301076,1909f56bfc062723c751e8b465ee728b)  -> (artifact id: 'f10c480432a0db87d16f0ae18a17519c') in 0.004185 seconds
Number of updated asset objects reloaded before import = 0
Number of asset objects unloaded after import = 1
========================================================================
Received Import Request.
  Time since last request: 0.000039 seconds.
  path: Assets/Player anime/New Folder/standardSurface26.mat
  artifactKey: Guid(4f0bf9e132613a5459144217f681ff3c) Importer(815301076,1909f56bfc062723c751e8b465ee728b)
Start importing Assets/Player anime/New Folder/standardSurface26.mat using Guid(4f0bf9e132613a5459144217f681ff3c) Importer(815301076,1909f56bfc062723c751e8b465ee728b)  -> (artifact id: '9eda05abc75479305210a1a8e62c65ac') in 0.005850 seconds
Number of updated asset objects reloaded before import = 0
Number of asset objects unloaded after import = 1
========================================================================
Received Import Request.
  Time since last request: 0.000017 seconds.
  path: Assets/Player anime/New Folder/standardSurface18.mat
  artifactKey: Guid(715054ead85970c439ea7f9c5c429da7) Importer(815301076,1909f56bfc062723c751e8b465ee728b)
Start importing Assets/Player anime/New Folder/standardSurface18.mat using Guid(715054ead85970c439ea7f9c5c429da7) Importer(815301076,1909f56bfc062723c751e8b465ee728b)  -> (artifact id: 'fcf131fad39a9828b9c0ba76bd542771') in 0.005670 seconds
Number of updated asset objects reloaded before import = 0
Number of asset objects unloaded after import = 1
========================================================================
Received Import Request.
  Time since last request: 0.000016 seconds.
  path: Assets/Player anime/New Folder/standardSurface16.mat
  artifactKey: Guid(249ef6ee647a9b44a9391719d85577b0) Importer(815301076,1909f56bfc062723c751e8b465ee728b)
Start importing Assets/Player anime/New Folder/standardSurface16.mat using Guid(249ef6ee647a9b44a9391719d85577b0) Importer(815301076,1909f56bfc062723c751e8b465ee728b)  -> (artifact id: 'a06d2e0fd7d109bf0c66fc44b2903f6c') in 0.006141 seconds
Number of updated asset objects reloaded before import = 0
Number of asset objects unloaded after import = 1
========================================================================
Received Import Request.
  Time since last request: 0.000015 seconds.
  path: Assets/Player anime/New Folder/standardSurface17.mat
  artifactKey: Guid(45e9db78fd222e744859fcad4b29fb15) Importer(815301076,1909f56bfc062723c751e8b465ee728b)
Start importing Assets/Player anime/New Folder/standardSurface17.mat using Guid(45e9db78fd222e744859fcad4b29fb15) Importer(815301076,1909f56bfc062723c751e8b465ee728b)  -> (artifact id: 'cd275c47d333d5843ce79c0a5da6cffe') in 0.005774 seconds
Number of updated asset objects reloaded before import = 0
Number of asset objects unloaded after import = 1
========================================================================
Received Import Request.
  Time since last request: 0.000015 seconds.
  path: Assets/Player anime/New Folder/standardSurface12.mat
  artifactKey: Guid(fadf2fefc44ebd343a345236378585bf) Importer(815301076,1909f56bfc062723c751e8b465ee728b)
Start importing Assets/Player anime/New Folder/standardSurface12.mat using Guid(fadf2fefc44ebd343a345236378585bf) Importer(815301076,1909f56bfc062723c751e8b465ee728b)  -> (artifact id: 'ad315de5d05efdcfaf581d41331fbb5e') in 0.005729 seconds
Number of updated asset objects reloaded before import = 0
Number of asset objects unloaded after import = 1
========================================================================
Received Import Request.
  Time since last request: 0.000024 seconds.
  path: Assets/Player anime/New Folder/character_houseki_BaseColor.png
  artifactKey: Guid(938ce6665a9999844b32ca33ebf4a466) Importer(815301076,1909f56bfc062723c751e8b465ee728b)
Start importing Assets/Player anime/New Folder/character_houseki_BaseColor.png using Guid(938ce6665a9999844b32ca33ebf4a466) Importer(815301076,1909f56bfc062723c751e8b465ee728b)  -> (artifact id: 'b68f2b4153fe1df4e183cfff1f51d6a9') in 0.005211 seconds
Number of updated asset objects reloaded before import = 0
Number of asset objects unloaded after import = 2
========================================================================
Received Import Request.
  Time since last request: 0.000014 seconds.
  path: Assets/Player anime/New Folder/standardSurface19 1.mat
  artifactKey: Guid(4cb7c58c79b8e61438697148b56daa37) Importer(815301076,1909f56bfc062723c751e8b465ee728b)
Start importing Assets/Player anime/New Folder/standardSurface19 1.mat using Guid(4cb7c58c79b8e61438697148b56daa37) Importer(815301076,1909f56bfc062723c751e8b465ee728b)  -> (artifact id: '158bb4fe93a7cb19e1585d2da4215d04') in 0.005278 seconds
Number of updated asset objects reloaded before import = 0
Number of asset objects unloaded after import = 1
========================================================================
Received Import Request.
  Time since last request: 0.000016 seconds.
  path: Assets/Player anime/New Folder/character_hearmesshu_cape_Roughness.png
  artifactKey: Guid(053c116d8a5306c478760ff6d700bdf0) Importer(815301076,1909f56bfc062723c751e8b465ee728b)
Start importing Assets/Player anime/New Folder/character_hearmesshu_cape_Roughness.png using Guid(053c116d8a5306c478760ff6d700bdf0) Importer(815301076,1909f56bfc062723c751e8b465ee728b)  -> (artifact id: 'f0cbeb046e5c9b44306a286d9810690c') in 0.007375 seconds
Number of updated asset objects reloaded before import = 0
Number of asset objects unloaded after import = 2
========================================================================
Received Import Request.
  Time since last request: 0.000061 seconds.
  path: Assets/Player anime/New Folder/EL_ken_pasted__pasted__pasted__houseki_red 1.mat
  artifactKey: Guid(19fc0b66b25919f418e7be8d58fc0231) Importer(815301076,1909f56bfc062723c751e8b465ee728b)
Start importing Assets/Player anime/New Folder/EL_ken_pasted__pasted__pasted__houseki_red 1.mat using Guid(19fc0b66b25919f418e7be8d58fc0231) Importer(815301076,1909f56bfc062723c751e8b465ee728b)  -> (artifact id: '01234d22fd82486818258ad640ab15d8') in 0.007056 seconds
Number of updated asset objects reloaded before import = 0
Number of asset objects unloaded after import = 1
========================================================================
Received Import Request.
  Time since last request: 0.000012 seconds.
  path: Assets/Player anime/New Folder/standardSurface15.mat
  artifactKey: Guid(0284620fdc6163a408ecb91cda499b96) Importer(815301076,1909f56bfc062723c751e8b465ee728b)
Start importing Assets/Player anime/New Folder/standardSurface15.mat using Guid(0284620fdc6163a408ecb91cda499b96) Importer(815301076,1909f56bfc062723c751e8b465ee728b)  -> (artifact id: '96647a2486305f4cf159672d564005a7') in 0.009292 seconds
Number of updated asset objects reloaded before import = 0
Number of asset objects unloaded after import = 1
========================================================================
Received Import Request.
  Time since last request: 0.000013 seconds.
  path: Assets/Player anime/New Folder/standardSurface25.mat
  artifactKey: Guid(a0c77f4e92693764f8d7d90aa6657b5d) Importer(815301076,1909f56bfc062723c751e8b465ee728b)
Start importing Assets/Player anime/New Folder/standardSurface25.mat using Guid(a0c77f4e92693764f8d7d90aa6657b5d) Importer(815301076,1909f56bfc062723c751e8b465ee728b)  -> (artifact id: 'ba59f4f8df5968177e91106135926e86') in 0.006054 seconds
Number of updated asset objects reloaded before import = 0
Number of asset objects unloaded after import = 1
========================================================================
Received Import Request.
  Time since last request: 0.000011 seconds.
  path: Assets/Player anime/New Folder/standardSurface23 1.mat
  artifactKey: Guid(67a2326a45474fb43bc5cf2019946f64) Importer(815301076,1909f56bfc062723c751e8b465ee728b)
Start importing Assets/Player anime/New Folder/standardSurface23 1.mat using Guid(67a2326a45474fb43bc5cf2019946f64) Importer(815301076,1909f56bfc062723c751e8b465ee728b)  -> (artifact id: 'cefd6ae1b882319478a0473420a891e8') in 0.005151 seconds
Number of updated asset objects reloaded before import = 0
Number of asset objects unloaded after import = 1
========================================================================
Received Import Request.
  Time since last request: 0.000011 seconds.
  path: Assets/Player anime/New Folder/standardSurface16 1.mat
  artifactKey: Guid(ed12f40a897d624469f59ebba714a3ae) Importer(815301076,1909f56bfc062723c751e8b465ee728b)
Start importing Assets/Player anime/New Folder/standardSurface16 1.mat using Guid(ed12f40a897d624469f59ebba714a3ae) Importer(815301076,1909f56bfc062723c751e8b465ee728b)  -> (artifact id: 'a71a27ef705f173bf9d37fc3391ee358') in 0.006384 seconds
Number of updated asset objects reloaded before import = 0
Number of asset objects unloaded after import = 1
========================================================================
Received Import Request.
  Time since last request: 0.000011 seconds.
  path: Assets/Player anime/New Folder/EL_ken_EL_ken1_standardSurface4 1.mat
  artifactKey: Guid(6faaec22249314b40ac562a1f7a4a9e9) Importer(815301076,1909f56bfc062723c751e8b465ee728b)
Start importing Assets/Player anime/New Folder/EL_ken_EL_ken1_standardSurface4 1.mat using Guid(6faaec22249314b40ac562a1f7a4a9e9) Importer(815301076,1909f56bfc062723c751e8b465ee728b)  -> (artifact id: 'f0e174a583168f9b7e4681e7c0627b9d') in 0.005826 seconds
Number of updated asset objects reloaded before import = 0
Number of asset objects unloaded after import = 1
========================================================================
Received Import Request.
  Time since last request: 0.000011 seconds.
  path: Assets/Player anime/New Folder/standardSurface15 1.mat
  artifactKey: Guid(2870f0910b8d30846a42838fd2dd0648) Importer(815301076,1909f56bfc062723c751e8b465ee728b)
Start importing Assets/Player anime/New Folder/standardSurface15 1.mat using Guid(2870f0910b8d30846a42838fd2dd0648) Importer(815301076,1909f56bfc062723c751e8b465ee728b)  -> (artifact id: 'ecc135909b49e517a6682673d805f39f') in 0.004936 seconds
Number of updated asset objects reloaded before import = 0
Number of asset objects unloaded after import = 1
========================================================================
Received Import Request.
  Time since last request: 0.000010 seconds.
  path: Assets/Player anime/New Folder/eye_base.png
  artifactKey: Guid(57b8aab52f00668449cb9e01d1c67350) Importer(815301076,1909f56bfc062723c751e8b465ee728b)
Start importing Assets/Player anime/New Folder/eye_base.png using Guid(57b8aab52f00668449cb9e01d1c67350) Importer(815301076,1909f56bfc062723c751e8b465ee728b)  -> (artifact id: '95ef6bfbf456ab058b96241ddc44e267') in 0.004711 seconds
Number of updated asset objects reloaded before import = 0
Number of asset objects unloaded after import = 2
Editor requested this worker to shutdown with reason: Scaling down because of idle timeout
TcpMessagingSession - receive error: operation aborted. errorcode: 995, details: 由于线程退出或应用程序请求，已中止 I/O 操作。
AssetImportWorker is now disconnected from the server
Process exiting
Exiting without the bug reporter. Application will terminate with return code 0