Using pre-set license
Built from '2022.3/staging' branch; Version is '2022.3.24f1 (334eb2a0b267) revision 3362482'; Using compiler version '192829333'; Build Type 'Release'
OS: 'Windows 11  (10.0.22631) 64bit CoreCountrySpecific' Language: 'zh' Physical Memory: 16064 MB
BatchMode: 1, IsHumanControllingUs: 0, StartBugReporterOnCrash: 0, Is64bit: 1, IsPro: 1

COMMAND LINE ARGUMENTS:
D:\unity\Unity 2022.3.24f1\Editor\Unity.exe
-adb2
-batchMode
-noUpm
-name
AssetImportWorker2
-projectPath
D:/unity浣涓/My project (11)
-logFile
Logs/AssetImportWorker2.log
-srvPort
53711
Successfully changed project path to: D:/unity浣涓/My project (11)
D:/unity浣涓/My project (11)
[UnityMemory] Configuration Parameters - Can be set up in boot.config
    "memorysetup-bucket-allocator-granularity=16"
    "memorysetup-bucket-allocator-bucket-count=8"
    "memorysetup-bucket-allocator-block-size=33554432"
    "memorysetup-bucket-allocator-block-count=8"
    "memorysetup-main-allocator-block-size=16777216"
    "memorysetup-thread-allocator-block-size=16777216"
    "memorysetup-gfx-main-allocator-block-size=16777216"
    "memorysetup-gfx-thread-allocator-block-size=16777216"
    "memorysetup-cache-allocator-block-size=4194304"
    "memorysetup-typetree-allocator-block-size=2097152"
    "memorysetup-profiler-bucket-allocator-granularity=16"
    "memorysetup-profiler-bucket-allocator-bucket-count=8"
    "memorysetup-profiler-bucket-allocator-block-size=33554432"
    "memorysetup-profiler-bucket-allocator-block-count=8"
    "memorysetup-profiler-allocator-block-size=16777216"
    "memorysetup-profiler-editor-allocator-block-size=1048576"
    "memorysetup-temp-allocator-size-main=16777216"
    "memorysetup-job-temp-allocator-block-size=2097152"
    "memorysetup-job-temp-allocator-block-size-background=1048576"
    "memorysetup-job-temp-allocator-reduction-small-platforms=262144"
    "memorysetup-allocator-temp-initial-block-size-main=262144"
    "memorysetup-allocator-temp-initial-block-size-worker=262144"
    "memorysetup-temp-allocator-size-background-worker=32768"
    "memorysetup-temp-allocator-size-job-worker=262144"
    "memorysetup-temp-allocator-size-preload-manager=33554432"
    "memorysetup-temp-allocator-size-nav-mesh-worker=65536"
    "memorysetup-temp-allocator-size-audio-worker=65536"
    "memorysetup-temp-allocator-size-cloud-worker=32768"
    "memorysetup-temp-allocator-size-gi-baking-worker=262144"
    "memorysetup-temp-allocator-size-gfx=262144"
Player connection [27832] Host "[IP] 192.168.0.165 [Port] 0 [Flags] 2 [Guid] 1713031355 [EditorId] 1713031355 [Version] 1048832 [Id] WindowsEditor(7,Shika) [Debug] 1 [PackageName] WindowsEditor [ProjectName] Editor" joined multi-casting on [225.0.0.222:54997]...

Player connection [27832] Host "[IP] 192.168.0.165 [Port] 0 [Flags] 2 [Guid] 1713031355 [EditorId] 1713031355 [Version] 1048832 [Id] WindowsEditor(7,Shika) [Debug] 1 [PackageName] WindowsEditor [ProjectName] Editor" joined alternative multi-casting on [225.0.0.222:34997]...

[Physics::Module] Initialized MultithreadedJobDispatcher with 31 workers.
Refreshing native plugins compatible for Editor in 5.90 ms, found 3 plugins.
Preloading 0 native plugins for Editor in 0.00 ms.
Initialize engine version: 2022.3.24f1 (334eb2a0b267)
[Subsystems] Discovering subsystems at path D:/unity/Unity 2022.3.24f1/Editor/Data/Resources/UnitySubsystems
[Subsystems] Discovering subsystems at path D:/unity浣涓/My project (11)/Assets
GfxDevice: creating device client; threaded=0; jobified=0
Direct3D:
    Version:  Direct3D 11.0 [level 11.1]
    Renderer: NVIDIA GeForce RTX 4060 Laptop GPU (ID=0x28e0)
    Vendor:   NVIDIA
    VRAM:     7957 MB
    Driver:   32.0.15.6094
Initialize mono
Mono path[0] = 'D:/unity/Unity 2022.3.24f1/Editor/Data/Managed'
Mono path[1] = 'D:/unity/Unity 2022.3.24f1/Editor/Data/MonoBleedingEdge/lib/mono/unityjit-win32'
Mono config path = 'D:/unity/Unity 2022.3.24f1/Editor/Data/MonoBleedingEdge/etc'
Using monoOptions --debugger-agent=transport=dt_socket,embedding=1,server=y,suspend=n,address=127.0.0.1:56636
Begin MonoManager ReloadAssembly
Registering precompiled unity dll's ...
Register platform support module: D:/unity/Unity 2022.3.24f1/Editor/Data/PlaybackEngines/WindowsStandaloneSupport/UnityEditor.WindowsStandalone.Extensions.dll
Registered in 0.002809 seconds.
- Loaded All Assemblies, in  0.257 seconds
Native extension for WindowsStandalone target not found
Mono: successfully reloaded assembly
- Finished resetting the current domain, in  0.180 seconds
Domain Reload Profiling: 437ms
	BeginReloadAssembly (99ms)
		ExecutionOrderSort (0ms)
		DisableScriptedObjects (0ms)
		BackupInstance (0ms)
		ReleaseScriptingObjects (0ms)
		CreateAndSetChildDomain (1ms)
	RebuildCommonClasses (23ms)
	RebuildNativeTypeToScriptingClass (8ms)
	initialDomainReloadingComplete (34ms)
	LoadAllAssembliesAndSetupDomain (92ms)
		LoadAssemblies (99ms)
		RebuildTransferFunctionScriptingTraits (0ms)
		AnalyzeDomain (90ms)
			TypeCache.Refresh (89ms)
				TypeCache.ScanAssembly (79ms)
			ScanForSourceGeneratedMonoScriptInfo (0ms)
			ResolveRequiredComponents (0ms)
	FinalizeReload (180ms)
		ReleaseScriptCaches (0ms)
		RebuildScriptCaches (0ms)
		SetupLoadedEditorAssemblies (141ms)
			LogAssemblyErrors (0ms)
			InitializePlatformSupportModulesInManaged (5ms)
			SetLoadedEditorAssemblies (5ms)
			RefreshPlugins (0ms)
			BeforeProcessingInitializeOnLoad (1ms)
			ProcessInitializeOnLoadAttributes (96ms)
			ProcessInitializeOnLoadMethodAttributes (34ms)
			AfterProcessingInitializeOnLoad (0ms)
			EditorAssembliesLoaded (0ms)
		ExecutionOrderSort2 (0ms)
		AwakeInstancesAfterBackupRestoration (0ms)
========================================================================
Worker process is ready to serve import requests
Begin MonoManager ReloadAssembly
- Loaded All Assemblies, in  0.465 seconds
Refreshing native plugins compatible for Editor in 2.39 ms, found 3 plugins.
Native extension for WindowsStandalone target not found
Package Manager log level set to [2]
[Package Manager] Server::EnsureServerProcessIsRunning -- launch failed, reason: Unity was launched with the -noUpm command-line argument
[Package Manager] UpmClient::Send -- Unable to send message (not connected to UPM process).
[Package Manager] Cannot connect to Unity Package Manager local server
Mono: successfully reloaded assembly
- Finished resetting the current domain, in  0.428 seconds
Domain Reload Profiling: 893ms
	BeginReloadAssembly (131ms)
		ExecutionOrderSort (0ms)
		DisableScriptedObjects (4ms)
		BackupInstance (0ms)
		ReleaseScriptingObjects (0ms)
		CreateAndSetChildDomain (19ms)
	RebuildCommonClasses (22ms)
	RebuildNativeTypeToScriptingClass (7ms)
	initialDomainReloadingComplete (24ms)
	LoadAllAssembliesAndSetupDomain (280ms)
		LoadAssemblies (239ms)
		RebuildTransferFunctionScriptingTraits (0ms)
		AnalyzeDomain (127ms)
			TypeCache.Refresh (109ms)
				TypeCache.ScanAssembly (99ms)
			ScanForSourceGeneratedMonoScriptInfo (12ms)
			ResolveRequiredComponents (4ms)
	FinalizeReload (428ms)
		ReleaseScriptCaches (0ms)
		RebuildScriptCaches (0ms)
		SetupLoadedEditorAssemblies (326ms)
			LogAssemblyErrors (0ms)
			InitializePlatformSupportModulesInManaged (3ms)
			SetLoadedEditorAssemblies (2ms)
			RefreshPlugins (0ms)
			BeforeProcessingInitializeOnLoad (39ms)
			ProcessInitializeOnLoadAttributes (267ms)
			ProcessInitializeOnLoadMethodAttributes (14ms)
			AfterProcessingInitializeOnLoad (2ms)
			EditorAssembliesLoaded (0ms)
		ExecutionOrderSort2 (0ms)
		AwakeInstancesAfterBackupRestoration (8ms)
Launched and connected shader compiler UnityShaderCompiler.exe after 0.05 seconds
Refreshing native plugins compatible for Editor in 2.69 ms, found 3 plugins.
Preloading 0 native plugins for Editor in 0.00 ms.
Unloading 4090 Unused Serialized files (Serialized files now loaded: 0)
Unloading 57 unused Assets / (186.1 KB). Loaded Objects now: 4556.
Memory consumption went from 157.1 MB to 156.9 MB.
Total: 3.047000 ms (FindLiveObjects: 0.289400 ms CreateObjectMapping: 0.069200 ms MarkObjects: 2.544700 ms  DeleteObjects: 0.142600 ms)

AssetImportParameters requested are different than current active one (requested -> active):
  custom:container-demuxer-ogg: 62fdf1f143b41e24485cea50d1cbac27 -> 
  custom:video-codec-MediaFoundation-h265: 746d11721c4dcdbdad8f713fa42b33f4 -> 
  custom:video-decoder-ogg-theora: a1e56fd34408186e4bbccfd4996cb3dc -> 
  custom:framework-win-MediaFoundation: 216162199b28c13a410421893ffa2e32 -> 
  custom:CustomObjectIndexerAttribute: 9a22284fe3817be447336de3de66b15e -> 
  custom:container-demuxer-webm: 4f35f7cbe854078d1ac9338744f61a02 -> 
  custom:container-muxer-webm: aa71ff27fc2769a1b78a27578f13a17b -> 
  custom:video-decoder-webm-vp8: 9c59270c3fd7afecdb556c50c9e8de78 -> 
  custom:SearchIndexIgnoredProperties: e643bd26f0fe6173181afceb89e7c659 -> 
  custom:AudioImporter_EditorPlatform: d09bf68614088b80899f8185d706f6e7 -> 
  custom:video-encoder-webm-vp8: eb34c28f22e8b96e1ab97ce403110664 -> 
  custom:audio-decoder-ogg-vorbis: bf7c407c2cedff20999df2af8eb42d56 -> 
  custom:audio-encoder-webm-vorbis: bf7c407c2cedff20999df2af8eb42d56 -> 
========================================================================
Received Import Request.
  Time since last request: 1165655.264165 seconds.
  path: Assets/Player anime/test5.fbx
  artifactKey: Guid(1a4b2090f8fddd846ae4c620188081c6) Importer(815301076,1909f56bfc062723c751e8b465ee728b)
Start importing Assets/Player anime/test5.fbx using Guid(1a4b2090f8fddd846ae4c620188081c6) Importer(815301076,1909f56bfc062723c751e8b465ee728b)  -> (artifact id: '13980c6f003f15da018f435f1b5665cf') in 0.162302 seconds
Number of updated asset objects reloaded before import = 0
Number of asset objects unloaded after import = 196
========================================================================
Received Import Request.
  Time since last request: 18.406457 seconds.
  path: Assets/Player anime/New Folder
  artifactKey: Guid(ec4afff1d2229884fa78c93b2c0d6486) Importer(815301076,1909f56bfc062723c751e8b465ee728b)
Start importing Assets/Player anime/New Folder using Guid(ec4afff1d2229884fa78c93b2c0d6486) Importer(815301076,1909f56bfc062723c751e8b465ee728b)  -> (artifact id: 'af4fcfa1843056afcc79da52da9fd095') in 0.000907 seconds
Number of updated asset objects reloaded before import = 0
Number of asset objects unloaded after import = 0
========================================================================
Received Import Request.
  Time since last request: 5.961602 seconds.
  path: Assets/Player anime/test5.fbx
  artifactKey: Guid(1a4b2090f8fddd846ae4c620188081c6) Importer(815301076,1909f56bfc062723c751e8b465ee728b)
Start importing Assets/Player anime/test5.fbx using Guid(1a4b2090f8fddd846ae4c620188081c6) Importer(815301076,1909f56bfc062723c751e8b465ee728b)  -> (artifact id: 'a33bbd840b8a0c5cf6b3dbf8298569b7') in 0.274904 seconds
Number of updated asset objects reloaded before import = 0
Number of asset objects unloaded after import = 196
========================================================================
Received Import Request.
  Time since last request: 10.120822 seconds.
  path: Assets/Player anime/test5.fbx
  artifactKey: Guid(1a4b2090f8fddd846ae4c620188081c6) Importer(815301076,1909f56bfc062723c751e8b465ee728b)
Start importing Assets/Player anime/test5.fbx using Guid(1a4b2090f8fddd846ae4c620188081c6) Importer(815301076,1909f56bfc062723c751e8b465ee728b)  -> (artifact id: '268fdcdcb6b54a3f2ea85fae65d58b34') in 0.121841 seconds
Number of updated asset objects reloaded before import = 0
Number of asset objects unloaded after import = 196
========================================================================
Received Import Request.
  Time since last request: 22.335745 seconds.
  path: Assets/Player anime/test5.fbx
  artifactKey: Guid(1a4b2090f8fddd846ae4c620188081c6) Importer(815301076,1909f56bfc062723c751e8b465ee728b)
Start importing Assets/Player anime/test5.fbx using Guid(1a4b2090f8fddd846ae4c620188081c6) Importer(815301076,1909f56bfc062723c751e8b465ee728b)  -> (artifact id: 'c28a532945f22c319dbac247da50dd31') in 0.150806 seconds
Number of updated asset objects reloaded before import = 0
Number of asset objects unloaded after import = 196
========================================================================
Received Import Request.
  Time since last request: 24.708624 seconds.
  path: Assets/Player anime/test5.fbx
  artifactKey: Guid(1a4b2090f8fddd846ae4c620188081c6) Importer(815301076,1909f56bfc062723c751e8b465ee728b)
Start importing Assets/Player anime/test5.fbx using Guid(1a4b2090f8fddd846ae4c620188081c6) Importer(815301076,1909f56bfc062723c751e8b465ee728b)  -> (artifact id: 'e35379248b40b5758c40a453fd78d2a1') in 0.124396 seconds
Number of updated asset objects reloaded before import = 0
Number of asset objects unloaded after import = 196
========================================================================
Received Import Request.
  Time since last request: 174.909482 seconds.
  path: Assets/Player anime/New Folder/character_face_BaseColor.png
  artifactKey: Guid(cfaf8fd7c672600409268662e9e4cfa2) Importer(815301076,1909f56bfc062723c751e8b465ee728b)
Start importing Assets/Player anime/New Folder/character_face_BaseColor.png using Guid(cfaf8fd7c672600409268662e9e4cfa2) Importer(815301076,1909f56bfc062723c751e8b465ee728b)  -> (artifact id: 'aeac0ce1e6328745b63afafc4a50e544') in 0.015635 seconds
Number of updated asset objects reloaded before import = 0
Number of asset objects unloaded after import = 2
========================================================================
Received Import Request.
  Time since last request: 0.076894 seconds.
  path: Assets/Player anime/New Folder/character_hear_BaseColor.png
  artifactKey: Guid(477aca5861129f547bdb05b60706df3c) Importer(815301076,1909f56bfc062723c751e8b465ee728b)
Start importing Assets/Player anime/New Folder/character_hear_BaseColor.png using Guid(477aca5861129f547bdb05b60706df3c) Importer(815301076,1909f56bfc062723c751e8b465ee728b)  -> (artifact id: '55bc7691d70f24828b30ab33c80977c7') in 0.005667 seconds
Number of updated asset objects reloaded before import = 0
Number of asset objects unloaded after import = 2
========================================================================
Received Import Request.
  Time since last request: 0.078185 seconds.
  path: Assets/Player anime/New Folder/character_huku_sasiiro_BaseColor.png
  artifactKey: Guid(bf9b022a2ed82124dbd704fd42a06fc1) Importer(815301076,1909f56bfc062723c751e8b465ee728b)
Start importing Assets/Player anime/New Folder/character_huku_sasiiro_BaseColor.png using Guid(bf9b022a2ed82124dbd704fd42a06fc1) Importer(815301076,1909f56bfc062723c751e8b465ee728b)  -> (artifact id: 'a39ad7b2bf4db250e797727912c57155') in 0.006703 seconds
Number of updated asset objects reloaded before import = 0
Number of asset objects unloaded after import = 2
========================================================================
Received Import Request.
  Time since last request: 0.070740 seconds.
  path: Assets/Player anime/New Folder/EL_ken_EL_ken1_standardSurface3.mat
  artifactKey: Guid(44d7fb8eb1545774d8bbb68cf37404f8) Importer(815301076,1909f56bfc062723c751e8b465ee728b)
Start importing Assets/Player anime/New Folder/EL_ken_EL_ken1_standardSurface3.mat using Guid(44d7fb8eb1545774d8bbb68cf37404f8) Importer(815301076,1909f56bfc062723c751e8b465ee728b)  -> (artifact id: '11dde18bee28a701db69e5f3ca1e6bd0') in 0.006366 seconds
Number of updated asset objects reloaded before import = 0
Number of asset objects unloaded after import = 1
========================================================================
Received Import Request.
  Time since last request: 0.072264 seconds.
  path: Assets/Player anime/New Folder/EL_ken_EL_ken1_standardSurface2.mat
  artifactKey: Guid(aa31d37a5c4c551489949d386b8c14cf) Importer(815301076,1909f56bfc062723c751e8b465ee728b)
Start importing Assets/Player anime/New Folder/EL_ken_EL_ken1_standardSurface2.mat using Guid(aa31d37a5c4c551489949d386b8c14cf) Importer(815301076,1909f56bfc062723c751e8b465ee728b)  -> (artifact id: '873b2e0bdace9d50321b2a3a74237cf5') in 0.006837 seconds
Number of updated asset objects reloaded before import = 0
Number of asset objects unloaded after import = 1
========================================================================
Received Import Request.
  Time since last request: 0.074682 seconds.
  path: Assets/Player anime/New Folder/EL_ken_pasted__pasted__pasted__houseki_red.mat
  artifactKey: Guid(89190a34c4b090a47a593a086babb198) Importer(815301076,1909f56bfc062723c751e8b465ee728b)
Start importing Assets/Player anime/New Folder/EL_ken_pasted__pasted__pasted__houseki_red.mat using Guid(89190a34c4b090a47a593a086babb198) Importer(815301076,1909f56bfc062723c751e8b465ee728b)  -> (artifact id: '6d777dc4922bae3ffd995b390d5a366a') in 0.006027 seconds
Number of updated asset objects reloaded before import = 0
Number of asset objects unloaded after import = 1
========================================================================
Received Import Request.
  Time since last request: 0.071413 seconds.
  path: Assets/Player anime/New Folder/standardSurface11 1.mat
  artifactKey: Guid(cf3df7a258681a749bd3c3149897dc5f) Importer(815301076,1909f56bfc062723c751e8b465ee728b)
Start importing Assets/Player anime/New Folder/standardSurface11 1.mat using Guid(cf3df7a258681a749bd3c3149897dc5f) Importer(815301076,1909f56bfc062723c751e8b465ee728b)  -> (artifact id: 'a650517fdd472a51fb9ac65185584a07') in 0.005303 seconds
Number of updated asset objects reloaded before import = 0
Number of asset objects unloaded after import = 1
========================================================================
Received Import Request.
  Time since last request: 0.000016 seconds.
  path: Assets/Player anime/New Folder/standardSurface22 1.mat
  artifactKey: Guid(734390d69cf1fad4b91a1d00cd0eab41) Importer(815301076,1909f56bfc062723c751e8b465ee728b)
Start importing Assets/Player anime/New Folder/standardSurface22 1.mat using Guid(734390d69cf1fad4b91a1d00cd0eab41) Importer(815301076,1909f56bfc062723c751e8b465ee728b)  -> (artifact id: 'a04031aeeb2806624f2086d20d9d6b27') in 0.006077 seconds
Number of updated asset objects reloaded before import = 0
Number of asset objects unloaded after import = 1
========================================================================
Received Import Request.
  Time since last request: 0.000011 seconds.
  path: Assets/Player anime/New Folder/standardSurface24 1.mat
  artifactKey: Guid(cc051353f0268ba47acc6c26660af1df) Importer(815301076,1909f56bfc062723c751e8b465ee728b)
Start importing Assets/Player anime/New Folder/standardSurface24 1.mat using Guid(cc051353f0268ba47acc6c26660af1df) Importer(815301076,1909f56bfc062723c751e8b465ee728b)  -> (artifact id: '70d924001b04b47f03ea347cc7f522a3') in 0.005172 seconds
Number of updated asset objects reloaded before import = 0
Number of asset objects unloaded after import = 1
========================================================================
Received Import Request.
  Time since last request: 0.000014 seconds.
  path: Assets/Player anime/New Folder/standardSurface26 1.mat
  artifactKey: Guid(2f56d5b0bb55afa4588d07ad54cee13e) Importer(815301076,1909f56bfc062723c751e8b465ee728b)
Start importing Assets/Player anime/New Folder/standardSurface26 1.mat using Guid(2f56d5b0bb55afa4588d07ad54cee13e) Importer(815301076,1909f56bfc062723c751e8b465ee728b)  -> (artifact id: '20f0d9069dcf1d17714d64b61828d75d') in 0.005350 seconds
Number of updated asset objects reloaded before import = 0
Number of asset objects unloaded after import = 1
========================================================================
Received Import Request.
  Time since last request: 0.000040 seconds.
  path: Assets/Player anime/New Folder/standardSurface18 1.mat
  artifactKey: Guid(2d14250d3c0939240ae4b8b8dce4fc19) Importer(815301076,1909f56bfc062723c751e8b465ee728b)
Start importing Assets/Player anime/New Folder/standardSurface18 1.mat using Guid(2d14250d3c0939240ae4b8b8dce4fc19) Importer(815301076,1909f56bfc062723c751e8b465ee728b)  -> (artifact id: '269d2a5569dde434c46b57c4167f8ec9') in 0.006171 seconds
Number of updated asset objects reloaded before import = 0
Number of asset objects unloaded after import = 1
========================================================================
Received Import Request.
  Time since last request: 0.000009 seconds.
  path: Assets/Player anime/New Folder/standardSurface23.mat
  artifactKey: Guid(05e71694202c72849aaaacab5800d5a3) Importer(815301076,1909f56bfc062723c751e8b465ee728b)
Start importing Assets/Player anime/New Folder/standardSurface23.mat using Guid(05e71694202c72849aaaacab5800d5a3) Importer(815301076,1909f56bfc062723c751e8b465ee728b)  -> (artifact id: 'c539076df8b4a9447115923080819c82') in 0.005161 seconds
Number of updated asset objects reloaded before import = 0
Number of asset objects unloaded after import = 1
========================================================================
Received Import Request.
  Time since last request: 0.000011 seconds.
  path: Assets/Player anime/New Folder/standardSurface25 1.mat
  artifactKey: Guid(be7a5be8ed2221640abc7358760903db) Importer(815301076,1909f56bfc062723c751e8b465ee728b)
Start importing Assets/Player anime/New Folder/standardSurface25 1.mat using Guid(be7a5be8ed2221640abc7358760903db) Importer(815301076,1909f56bfc062723c751e8b465ee728b)  -> (artifact id: '3ddb11a7288b4e0a5922a8195922dbc8') in 0.004901 seconds
Number of updated asset objects reloaded before import = 0
Number of asset objects unloaded after import = 1
========================================================================
Received Import Request.
  Time since last request: 0.000010 seconds.
  path: Assets/Player anime/New Folder/standardSurface29.mat
  artifactKey: Guid(6f5f641f1e4457a428807346b764736b) Importer(815301076,1909f56bfc062723c751e8b465ee728b)
Start importing Assets/Player anime/New Folder/standardSurface29.mat using Guid(6f5f641f1e4457a428807346b764736b) Importer(815301076,1909f56bfc062723c751e8b465ee728b)  -> (artifact id: '576fff634d1b7ec149099b1821ff30e4') in 0.005027 seconds
Number of updated asset objects reloaded before import = 0
Number of asset objects unloaded after import = 1
========================================================================
Received Import Request.
  Time since last request: 0.000015 seconds.
  path: Assets/Player anime/New Folder/standardSurface24.mat
  artifactKey: Guid(8030d0fec6d13b64888eb40852a21460) Importer(815301076,1909f56bfc062723c751e8b465ee728b)
Start importing Assets/Player anime/New Folder/standardSurface24.mat using Guid(8030d0fec6d13b64888eb40852a21460) Importer(815301076,1909f56bfc062723c751e8b465ee728b)  -> (artifact id: '4371147d1c43c5c7525104594082e3fd') in 0.005336 seconds
Number of updated asset objects reloaded before import = 0
Number of asset objects unloaded after import = 1
========================================================================
Received Import Request.
  Time since last request: 0.000013 seconds.
  path: Assets/Player anime/New Folder/EL_me.png
  artifactKey: Guid(11b8e438d3e5d02419066261b8796f00) Importer(815301076,1909f56bfc062723c751e8b465ee728b)
Start importing Assets/Player anime/New Folder/EL_me.png using Guid(11b8e438d3e5d02419066261b8796f00) Importer(815301076,1909f56bfc062723c751e8b465ee728b)  -> (artifact id: 'ba813e89541ebb6fd886c6e58e7ab520') in 0.008133 seconds
Number of updated asset objects reloaded before import = 0
Number of asset objects unloaded after import = 2
========================================================================
Received Import Request.
  Time since last request: 0.000014 seconds.
  path: Assets/Player anime/New Folder/EL_ken_EL_ken1_standardSurface5 1.mat
  artifactKey: Guid(7354dcbec857c054a80dbfa3dd5f329d) Importer(815301076,1909f56bfc062723c751e8b465ee728b)
Start importing Assets/Player anime/New Folder/EL_ken_EL_ken1_standardSurface5 1.mat using Guid(7354dcbec857c054a80dbfa3dd5f329d) Importer(815301076,1909f56bfc062723c751e8b465ee728b)  -> (artifact id: 'e17b629dd2a2e92920c0a60cbfcdef44') in 0.005723 seconds
Number of updated asset objects reloaded before import = 0
Number of asset objects unloaded after import = 1
========================================================================
Received Import Request.
  Time since last request: 0.000015 seconds.
  path: Assets/Player anime/New Folder/standardSurface12 1.mat
  artifactKey: Guid(b19f9e71ef64257449da80dec829779c) Importer(815301076,1909f56bfc062723c751e8b465ee728b)
Start importing Assets/Player anime/New Folder/standardSurface12 1.mat using Guid(b19f9e71ef64257449da80dec829779c) Importer(815301076,1909f56bfc062723c751e8b465ee728b)  -> (artifact id: 'e5e8c0dfd85375852bc4edc3098699f8') in 0.005595 seconds
Number of updated asset objects reloaded before import = 0
Number of asset objects unloaded after import = 1
========================================================================
Received Import Request.
  Time since last request: 0.000014 seconds.
  path: Assets/Player anime/New Folder/standardSurface19.mat
  artifactKey: Guid(8e9614df3fcf2304a936678d91378202) Importer(815301076,1909f56bfc062723c751e8b465ee728b)
Start importing Assets/Player anime/New Folder/standardSurface19.mat using Guid(8e9614df3fcf2304a936678d91378202) Importer(815301076,1909f56bfc062723c751e8b465ee728b)  -> (artifact id: '8685b9988c25ba49c95fae04fab90dba') in 0.005941 seconds
Number of updated asset objects reloaded before import = 0
Number of asset objects unloaded after import = 1
========================================================================
Received Import Request.
  Time since last request: 0.000013 seconds.
  path: Assets/Player anime/New Folder/kutu.png
  artifactKey: Guid(db2b99cc7cd1aed488e2634fab4fc033) Importer(815301076,1909f56bfc062723c751e8b465ee728b)
Start importing Assets/Player anime/New Folder/kutu.png using Guid(db2b99cc7cd1aed488e2634fab4fc033) Importer(815301076,1909f56bfc062723c751e8b465ee728b)  -> (artifact id: '73cf981cc5461f7d326cf982c9710c79') in 0.006042 seconds
Number of updated asset objects reloaded before import = 0
Number of asset objects unloaded after import = 2
========================================================================
Received Import Request.
  Time since last request: 0.000013 seconds.
  path: Assets/Player anime/New Folder/standardSurface29 1.mat
  artifactKey: Guid(e1b71ff67bd4a20429b9f4e02042f79e) Importer(815301076,1909f56bfc062723c751e8b465ee728b)
Start importing Assets/Player anime/New Folder/standardSurface29 1.mat using Guid(e1b71ff67bd4a20429b9f4e02042f79e) Importer(815301076,1909f56bfc062723c751e8b465ee728b)  -> (artifact id: 'eb164477161d8ca58c7b6d36b444a011') in 0.005083 seconds
Number of updated asset objects reloaded before import = 0
Number of asset objects unloaded after import = 1
========================================================================
Received Import Request.
  Time since last request: 0.000026 seconds.
  path: Assets/Player anime/New Folder/EL_ken_EL_ken1_standardSurface5.mat
  artifactKey: Guid(1fa42827dc8d38846ac93f58efa47f5c) Importer(815301076,1909f56bfc062723c751e8b465ee728b)
Start importing Assets/Player anime/New Folder/EL_ken_EL_ken1_standardSurface5.mat using Guid(1fa42827dc8d38846ac93f58efa47f5c) Importer(815301076,1909f56bfc062723c751e8b465ee728b)  -> (artifact id: 'bceaf68f1b62bef14ff278ae615ca503') in 0.005613 seconds
Number of updated asset objects reloaded before import = 0
Number of asset objects unloaded after import = 1
========================================================================
Received Import Request.
  Time since last request: 0.000015 seconds.
  path: Assets/Player anime/New Folder/standardSurface11.mat
  artifactKey: Guid(8b86c0a744f4dbe4cb581b3bb8945303) Importer(815301076,1909f56bfc062723c751e8b465ee728b)
Start importing Assets/Player anime/New Folder/standardSurface11.mat using Guid(8b86c0a744f4dbe4cb581b3bb8945303) Importer(815301076,1909f56bfc062723c751e8b465ee728b)  -> (artifact id: '1b179df114900eb925866d25d35abf27') in 0.005224 seconds
Number of updated asset objects reloaded before import = 0
Number of asset objects unloaded after import = 1
========================================================================
Received Import Request.
  Time since last request: 0.000011 seconds.
  path: Assets/Player anime/New Folder/EL_ken_EL_ken1_standardSurface3 1.mat
  artifactKey: Guid(e98e6f4f6d2c5364cb83a0fda370ad3c) Importer(815301076,1909f56bfc062723c751e8b465ee728b)
Start importing Assets/Player anime/New Folder/EL_ken_EL_ken1_standardSurface3 1.mat using Guid(e98e6f4f6d2c5364cb83a0fda370ad3c) Importer(815301076,1909f56bfc062723c751e8b465ee728b)  -> (artifact id: 'ffff06e5ae40987c36f84a143b1a2579') in 0.005047 seconds
Number of updated asset objects reloaded before import = 0
Number of asset objects unloaded after import = 1
========================================================================
Received Import Request.
  Time since last request: 0.000009 seconds.
  path: Assets/Player anime/New Folder/standardSurface17 1.mat
  artifactKey: Guid(e87d733533120364598a09f0d8240225) Importer(815301076,1909f56bfc062723c751e8b465ee728b)
Start importing Assets/Player anime/New Folder/standardSurface17 1.mat using Guid(e87d733533120364598a09f0d8240225) Importer(815301076,1909f56bfc062723c751e8b465ee728b)  -> (artifact id: '29842e5acd94355255f1d9b21be43cda') in 0.004471 seconds
Number of updated asset objects reloaded before import = 0
Number of asset objects unloaded after import = 1
Editor requested this worker to shutdown with reason: Scaling down because of idle timeout
TcpMessagingSession - receive error: operation aborted. errorcode: 995, details: 由于线程退出或应用程序请求，已中止 I/O 操作。
AssetImportWorker is now disconnected from the server
Process exiting
Exiting without the bug reporter. Application will terminate with return code 0