Using pre-set license
Built from '2022.3/staging' branch; Version is '2022.3.24f1 (334eb2a0b267) revision 3362482'; Using compiler version '192829333'; Build Type 'Release'
OS: 'Windows 11  (10.0.22631) 64bit CoreCountrySpecific' Language: 'zh' Physical Memory: 16064 MB
BatchMode: 1, IsHumanControllingUs: 0, StartBugReporterOnCrash: 0, Is64bit: 1, IsPro: 1

COMMAND LINE ARGUMENTS:
D:\unity\Unity 2022.3.24f1\Editor\Unity.exe
-adb2
-batchMode
-noUpm
-name
AssetImportWorker0
-projectPath
D:/unity作业/My project (11)
-logFile
Logs/AssetImportWorker0.log
-srvPort
57961
Successfully changed project path to: D:/unity作业/My project (11)
D:/unity作业/My project (11)
[UnityMemory] Configuration Parameters - Can be set up in boot.config
    "memorysetup-bucket-allocator-granularity=16"
    "memorysetup-bucket-allocator-bucket-count=8"
    "memorysetup-bucket-allocator-block-size=33554432"
    "memorysetup-bucket-allocator-block-count=8"
    "memorysetup-main-allocator-block-size=16777216"
    "memorysetup-thread-allocator-block-size=16777216"
    "memorysetup-gfx-main-allocator-block-size=16777216"
    "memorysetup-gfx-thread-allocator-block-size=16777216"
    "memorysetup-cache-allocator-block-size=4194304"
    "memorysetup-typetree-allocator-block-size=2097152"
    "memorysetup-profiler-bucket-allocator-granularity=16"
    "memorysetup-profiler-bucket-allocator-bucket-count=8"
    "memorysetup-profiler-bucket-allocator-block-size=33554432"
    "memorysetup-profiler-bucket-allocator-block-count=8"
    "memorysetup-profiler-allocator-block-size=16777216"
    "memorysetup-profiler-editor-allocator-block-size=1048576"
    "memorysetup-temp-allocator-size-main=16777216"
    "memorysetup-job-temp-allocator-block-size=2097152"
    "memorysetup-job-temp-allocator-block-size-background=1048576"
    "memorysetup-job-temp-allocator-reduction-small-platforms=262144"
    "memorysetup-allocator-temp-initial-block-size-main=262144"
    "memorysetup-allocator-temp-initial-block-size-worker=262144"
    "memorysetup-temp-allocator-size-background-worker=32768"
    "memorysetup-temp-allocator-size-job-worker=262144"
    "memorysetup-temp-allocator-size-preload-manager=33554432"
    "memorysetup-temp-allocator-size-nav-mesh-worker=65536"
    "memorysetup-temp-allocator-size-audio-worker=65536"
    "memorysetup-temp-allocator-size-cloud-worker=32768"
    "memorysetup-temp-allocator-size-gi-baking-worker=262144"
    "memorysetup-temp-allocator-size-gfx=262144"
Player connection [30828] Host "[IP] 192.168.0.165 [Port] 0 [Flags] 2 [Guid] 675551758 [EditorId] 675551758 [Version] 1048832 [Id] WindowsEditor(7,Shika) [Debug] 1 [PackageName] WindowsEditor [ProjectName] Editor" joined multi-casting on [225.0.0.222:54997]...

Player connection [30828] Host "[IP] 192.168.0.165 [Port] 0 [Flags] 2 [Guid] 675551758 [EditorId] 675551758 [Version] 1048832 [Id] WindowsEditor(7,Shika) [Debug] 1 [PackageName] WindowsEditor [ProjectName] Editor" joined alternative multi-casting on [225.0.0.222:34997]...

[Physics::Module] Initialized MultithreadedJobDispatcher with 31 workers.
Refreshing native plugins compatible for Editor in 5.71 ms, found 3 plugins.
Preloading 0 native plugins for Editor in 0.00 ms.
Initialize engine version: 2022.3.24f1 (334eb2a0b267)
[Subsystems] Discovering subsystems at path D:/unity/Unity 2022.3.24f1/Editor/Data/Resources/UnitySubsystems
[Subsystems] Discovering subsystems at path D:/unity作业/My project (11)/Assets
GfxDevice: creating device client; threaded=0; jobified=0
Direct3D:
    Version:  Direct3D 11.0 [level 11.1]
    Renderer: NVIDIA GeForce RTX 4060 Laptop GPU (ID=0x28e0)
    Vendor:   NVIDIA
    VRAM:     7957 MB
    Driver:   32.0.15.6094
Initialize mono
Mono path[0] = 'D:/unity/Unity 2022.3.24f1/Editor/Data/Managed'
Mono path[1] = 'D:/unity/Unity 2022.3.24f1/Editor/Data/MonoBleedingEdge/lib/mono/unityjit-win32'
Mono config path = 'D:/unity/Unity 2022.3.24f1/Editor/Data/MonoBleedingEdge/etc'
Using monoOptions --debugger-agent=transport=dt_socket,embedding=1,server=y,suspend=n,address=127.0.0.1:56096
Begin MonoManager ReloadAssembly
Registering precompiled unity dll's ...
Register platform support module: D:/unity/Unity 2022.3.24f1/Editor/Data/PlaybackEngines/WindowsStandaloneSupport/UnityEditor.WindowsStandalone.Extensions.dll
Registered in 0.002744 seconds.
- Loaded All Assemblies, in  0.240 seconds
Native extension for WindowsStandalone target not found
Mono: successfully reloaded assembly
- Finished resetting the current domain, in  0.191 seconds
Domain Reload Profiling: 431ms
	BeginReloadAssembly (89ms)
		ExecutionOrderSort (0ms)
		DisableScriptedObjects (0ms)
		BackupInstance (0ms)
		ReleaseScriptingObjects (0ms)
		CreateAndSetChildDomain (1ms)
	RebuildCommonClasses (23ms)
	RebuildNativeTypeToScriptingClass (7ms)
	initialDomainReloadingComplete (32ms)
	LoadAllAssembliesAndSetupDomain (89ms)
		LoadAssemblies (88ms)
		RebuildTransferFunctionScriptingTraits (0ms)
		AnalyzeDomain (87ms)
			TypeCache.Refresh (86ms)
				TypeCache.ScanAssembly (76ms)
			ScanForSourceGeneratedMonoScriptInfo (0ms)
			ResolveRequiredComponents (0ms)
	FinalizeReload (191ms)
		ReleaseScriptCaches (0ms)
		RebuildScriptCaches (0ms)
		SetupLoadedEditorAssemblies (151ms)
			LogAssemblyErrors (0ms)
			InitializePlatformSupportModulesInManaged (6ms)
			SetLoadedEditorAssemblies (5ms)
			RefreshPlugins (0ms)
			BeforeProcessingInitializeOnLoad (1ms)
			ProcessInitializeOnLoadAttributes (105ms)
			ProcessInitializeOnLoadMethodAttributes (34ms)
			AfterProcessingInitializeOnLoad (0ms)
			EditorAssembliesLoaded (0ms)
		ExecutionOrderSort2 (0ms)
		AwakeInstancesAfterBackupRestoration (0ms)
========================================================================
Worker process is ready to serve import requests
Begin MonoManager ReloadAssembly
- Loaded All Assemblies, in  0.486 seconds
Refreshing native plugins compatible for Editor in 3.00 ms, found 3 plugins.
Native extension for WindowsStandalone target not found
Package Manager log level set to [2]
[Package Manager] Server::EnsureServerProcessIsRunning -- launch failed, reason: Unity was launched with the -noUpm command-line argument
[Package Manager] UpmClient::Send -- Unable to send message (not connected to UPM process).
[Package Manager] Cannot connect to Unity Package Manager local server
Mono: successfully reloaded assembly
- Finished resetting the current domain, in  0.480 seconds
Domain Reload Profiling: 965ms
	BeginReloadAssembly (126ms)
		ExecutionOrderSort (0ms)
		DisableScriptedObjects (4ms)
		BackupInstance (0ms)
		ReleaseScriptingObjects (0ms)
		CreateAndSetChildDomain (18ms)
	RebuildCommonClasses (26ms)
	RebuildNativeTypeToScriptingClass (8ms)
	initialDomainReloadingComplete (28ms)
	LoadAllAssembliesAndSetupDomain (298ms)
		LoadAssemblies (233ms)
		RebuildTransferFunctionScriptingTraits (0ms)
		AnalyzeDomain (147ms)
			TypeCache.Refresh (126ms)
				TypeCache.ScanAssembly (115ms)
			ScanForSourceGeneratedMonoScriptInfo (16ms)
			ResolveRequiredComponents (4ms)
	FinalizeReload (480ms)
		ReleaseScriptCaches (0ms)
		RebuildScriptCaches (0ms)
		SetupLoadedEditorAssemblies (363ms)
			LogAssemblyErrors (0ms)
			InitializePlatformSupportModulesInManaged (4ms)
			SetLoadedEditorAssemblies (2ms)
			RefreshPlugins (0ms)
			BeforeProcessingInitializeOnLoad (46ms)
			ProcessInitializeOnLoadAttributes (294ms)
			ProcessInitializeOnLoadMethodAttributes (15ms)
			AfterProcessingInitializeOnLoad (2ms)
			EditorAssembliesLoaded (0ms)
		ExecutionOrderSort2 (0ms)
		AwakeInstancesAfterBackupRestoration (7ms)
Launched and connected shader compiler UnityShaderCompiler.exe after 0.04 seconds
Refreshing native plugins compatible for Editor in 2.47 ms, found 3 plugins.
Preloading 0 native plugins for Editor in 0.00 ms.
Unloading 4090 Unused Serialized files (Serialized files now loaded: 0)
Unloading 57 unused Assets / (170.6 KB). Loaded Objects now: 4556.
Memory consumption went from 157.0 MB to 156.8 MB.
Total: 3.280100 ms (FindLiveObjects: 0.274000 ms CreateObjectMapping: 0.113400 ms MarkObjects: 2.725500 ms  DeleteObjects: 0.166600 ms)

AssetImportParameters requested are different than current active one (requested -> active):
  custom:container-demuxer-ogg: 62fdf1f143b41e24485cea50d1cbac27 -> 
  custom:video-codec-MediaFoundation-h265: 746d11721c4dcdbdad8f713fa42b33f4 -> 
  custom:video-decoder-ogg-theora: a1e56fd34408186e4bbccfd4996cb3dc -> 
  custom:framework-win-MediaFoundation: 216162199b28c13a410421893ffa2e32 -> 
  custom:CustomObjectIndexerAttribute: 9a22284fe3817be447336de3de66b15e -> 
  custom:container-demuxer-webm: 4f35f7cbe854078d1ac9338744f61a02 -> 
  custom:container-muxer-webm: aa71ff27fc2769a1b78a27578f13a17b -> 
  custom:video-decoder-webm-vp8: 9c59270c3fd7afecdb556c50c9e8de78 -> 
  custom:SearchIndexIgnoredProperties: e643bd26f0fe6173181afceb89e7c659 -> 
  custom:AudioImporter_EditorPlatform: d09bf68614088b80899f8185d706f6e7 -> 
  custom:video-encoder-webm-vp8: eb34c28f22e8b96e1ab97ce403110664 -> 
  custom:audio-decoder-ogg-vorbis: bf7c407c2cedff20999df2af8eb42d56 -> 
  custom:audio-encoder-webm-vorbis: bf7c407c2cedff20999df2af8eb42d56 -> 
========================================================================
Received Import Request.
  Time since last request: 1169316.017273 seconds.
  path: Assets/Enemy/Enemy_Motion_Slime_Fire_ 2.fbx
  artifactKey: Guid(56aeb6b944a1d664f9b709d3e8ab1d90) Importer(815301076,1909f56bfc062723c751e8b465ee728b)
Start importing Assets/Enemy/Enemy_Motion_Slime_Fire_ 2.fbx using Guid(56aeb6b944a1d664f9b709d3e8ab1d90) Importer(815301076,1909f56bfc062723c751e8b465ee728b)  -> (artifact id: 'c18177a23528b5fbf23c8f7e66ca3383') in 0.105229 seconds
Number of updated asset objects reloaded before import = 0
Number of asset objects unloaded after import = 23
========================================================================
Received Import Request.
  Time since last request: 424.931870 seconds.
  path: Assets/Enemy/Att2.prefab
  artifactKey: Guid(3ddd33c30cee00d4b914960845e20754) Importer(815301076,1909f56bfc062723c751e8b465ee728b)
Start importing Assets/Enemy/Att2.prefab using Guid(3ddd33c30cee00d4b914960845e20754) Importer(815301076,1909f56bfc062723c751e8b465ee728b)  -> (artifact id: '83ff762709f4da540219c0d80dcb7928') in 0.032095 seconds
Number of updated asset objects reloaded before import = 0
Number of asset objects unloaded after import = 14
========================================================================
Received Import Request.
  Time since last request: 37.677121 seconds.
  path: Assets/Enemy/Att2.prefab
  artifactKey: Guid(3ddd33c30cee00d4b914960845e20754) Importer(815301076,1909f56bfc062723c751e8b465ee728b)
Start importing Assets/Enemy/Att2.prefab using Guid(3ddd33c30cee00d4b914960845e20754) Importer(815301076,1909f56bfc062723c751e8b465ee728b)  -> (artifact id: '841d7cb6f516f7ec1c108c42d2a9338a') in 0.001572 seconds
Number of updated asset objects reloaded before import = 0
Number of asset objects unloaded after import = 14
========================================================================
Received Import Request.
  Time since last request: 8.278938 seconds.
  path: Assets/Enemy/Att2.prefab
  artifactKey: Guid(3ddd33c30cee00d4b914960845e20754) Importer(815301076,1909f56bfc062723c751e8b465ee728b)
Start importing Assets/Enemy/Att2.prefab using Guid(3ddd33c30cee00d4b914960845e20754) Importer(815301076,1909f56bfc062723c751e8b465ee728b)  -> (artifact id: '02de6c90bd937778a95443c46930f933') in 0.001700 seconds
Number of updated asset objects reloaded before import = 0
Number of asset objects unloaded after import = 13
========================================================================
Received Import Request.
  Time since last request: 2.408809 seconds.
  path: Assets/Enemy/Att2.prefab
  artifactKey: Guid(3ddd33c30cee00d4b914960845e20754) Importer(815301076,1909f56bfc062723c751e8b465ee728b)
Start importing Assets/Enemy/Att2.prefab using Guid(3ddd33c30cee00d4b914960845e20754) Importer(815301076,1909f56bfc062723c751e8b465ee728b)  -> (artifact id: 'bdd1870f2390c9a962d86a1b254434c4') in 0.001930 seconds
Number of updated asset objects reloaded before import = 0
Number of asset objects unloaded after import = 13
========================================================================
Received Import Request.
  Time since last request: 1.831733 seconds.
  path: Assets/Enemy/Att2.prefab
  artifactKey: Guid(3ddd33c30cee00d4b914960845e20754) Importer(815301076,1909f56bfc062723c751e8b465ee728b)
Start importing Assets/Enemy/Att2.prefab using Guid(3ddd33c30cee00d4b914960845e20754) Importer(815301076,1909f56bfc062723c751e8b465ee728b)  -> (artifact id: 'b70e1fd7182541c5f8e7744d585fe04a') in 0.001621 seconds
Number of updated asset objects reloaded before import = 0
Number of asset objects unloaded after import = 12
========================================================================
Received Import Request.
  Time since last request: 9.687732 seconds.
  path: Assets/Enemy/Att2.prefab
  artifactKey: Guid(3ddd33c30cee00d4b914960845e20754) Importer(815301076,1909f56bfc062723c751e8b465ee728b)
Start importing Assets/Enemy/Att2.prefab using Guid(3ddd33c30cee00d4b914960845e20754) Importer(815301076,1909f56bfc062723c751e8b465ee728b)  -> (artifact id: 'c45e5f36592fcc5be657fc89df06b68f') in 0.001715 seconds
Number of updated asset objects reloaded before import = 0
Number of asset objects unloaded after import = 12
========================================================================
Received Import Request.
  Time since last request: 2.663509 seconds.
  path: Assets/Enemy/Att2.prefab
  artifactKey: Guid(3ddd33c30cee00d4b914960845e20754) Importer(815301076,1909f56bfc062723c751e8b465ee728b)
Start importing Assets/Enemy/Att2.prefab using Guid(3ddd33c30cee00d4b914960845e20754) Importer(815301076,1909f56bfc062723c751e8b465ee728b)  -> (artifact id: '6f3b147489b78a549bb139795019b7af') in 0.001929 seconds
Number of updated asset objects reloaded before import = 0
Number of asset objects unloaded after import = 11
========================================================================
Received Import Request.
  Time since last request: 1.604966 seconds.
  path: Assets/Enemy/Att2.prefab
  artifactKey: Guid(3ddd33c30cee00d4b914960845e20754) Importer(815301076,1909f56bfc062723c751e8b465ee728b)
Start importing Assets/Enemy/Att2.prefab using Guid(3ddd33c30cee00d4b914960845e20754) Importer(815301076,1909f56bfc062723c751e8b465ee728b)  -> (artifact id: '82e33e5062a7d0ea81c49c778f9037af') in 0.001553 seconds
Number of updated asset objects reloaded before import = 0
Number of asset objects unloaded after import = 11
========================================================================
Received Import Request.
  Time since last request: 14.131315 seconds.
  path: Assets/Enemy/Att2.prefab
  artifactKey: Guid(3ddd33c30cee00d4b914960845e20754) Importer(815301076,1909f56bfc062723c751e8b465ee728b)
Start importing Assets/Enemy/Att2.prefab using Guid(3ddd33c30cee00d4b914960845e20754) Importer(815301076,1909f56bfc062723c751e8b465ee728b)  -> (artifact id: '4a4c003ec8b3f2a8b876fcb3bc8a30dd') in 0.001507 seconds
Number of updated asset objects reloaded before import = 0
Number of asset objects unloaded after import = 10
========================================================================
Received Import Request.
  Time since last request: 5.953525 seconds.
  path: Assets/Enemy/Att2.prefab
  artifactKey: Guid(3ddd33c30cee00d4b914960845e20754) Importer(815301076,1909f56bfc062723c751e8b465ee728b)
Start importing Assets/Enemy/Att2.prefab using Guid(3ddd33c30cee00d4b914960845e20754) Importer(815301076,1909f56bfc062723c751e8b465ee728b)  -> (artifact id: 'f14211ae251078488a1993bbbbc56020') in 0.001500 seconds
Number of updated asset objects reloaded before import = 0
Number of asset objects unloaded after import = 9
========================================================================
Received Import Request.
  Time since last request: 20.146290 seconds.
  path: Assets/New Folder/Att2.cs
  artifactKey: Guid(07beb9c62e000c44e92b50b24fae11ef) Importer(815301076,1909f56bfc062723c751e8b465ee728b)
Start importing Assets/New Folder/Att2.cs using Guid(07beb9c62e000c44e92b50b24fae11ef) Importer(815301076,1909f56bfc062723c751e8b465ee728b)  -> (artifact id: '448f9aada94fd0a09fefa602e28de78e') in 0.000424 seconds
Number of updated asset objects reloaded before import = 0
Number of asset objects unloaded after import = 0
