Using pre-set license
Built from '2022.3/staging' branch; Version is '2022.3.24f1 (334eb2a0b267) revision 3362482'; Using compiler version '192829333'; Build Type 'Release'
OS: 'Windows 11  (10.0.22631) 64bit CoreCountrySpecific' Language: 'zh' Physical Memory: 16064 MB
BatchMode: 1, IsHumanControllingUs: 0, StartBugReporterOnCrash: 0, Is64bit: 1, IsPro: 1

COMMAND LINE ARGUMENTS:
D:\unity\Unity 2022.3.24f1\Editor\Unity.exe
-adb2
-batchMode
-noUpm
-name
AssetImportWorker15
-projectPath
D:/unity浣涓/My project (11)
-logFile
Logs/AssetImportWorker15.log
-srvPort
53711
Successfully changed project path to: D:/unity浣涓/My project (11)
D:/unity浣涓/My project (11)
[UnityMemory] Configuration Parameters - Can be set up in boot.config
    "memorysetup-bucket-allocator-granularity=16"
    "memorysetup-bucket-allocator-bucket-count=8"
    "memorysetup-bucket-allocator-block-size=33554432"
    "memorysetup-bucket-allocator-block-count=8"
    "memorysetup-main-allocator-block-size=16777216"
    "memorysetup-thread-allocator-block-size=16777216"
    "memorysetup-gfx-main-allocator-block-size=16777216"
    "memorysetup-gfx-thread-allocator-block-size=16777216"
    "memorysetup-cache-allocator-block-size=4194304"
    "memorysetup-typetree-allocator-block-size=2097152"
    "memorysetup-profiler-bucket-allocator-granularity=16"
    "memorysetup-profiler-bucket-allocator-bucket-count=8"
    "memorysetup-profiler-bucket-allocator-block-size=33554432"
    "memorysetup-profiler-bucket-allocator-block-count=8"
    "memorysetup-profiler-allocator-block-size=16777216"
    "memorysetup-profiler-editor-allocator-block-size=1048576"
    "memorysetup-temp-allocator-size-main=16777216"
    "memorysetup-job-temp-allocator-block-size=2097152"
    "memorysetup-job-temp-allocator-block-size-background=1048576"
    "memorysetup-job-temp-allocator-reduction-small-platforms=262144"
    "memorysetup-allocator-temp-initial-block-size-main=262144"
    "memorysetup-allocator-temp-initial-block-size-worker=262144"
    "memorysetup-temp-allocator-size-background-worker=32768"
    "memorysetup-temp-allocator-size-job-worker=262144"
    "memorysetup-temp-allocator-size-preload-manager=33554432"
    "memorysetup-temp-allocator-size-nav-mesh-worker=65536"
    "memorysetup-temp-allocator-size-audio-worker=65536"
    "memorysetup-temp-allocator-size-cloud-worker=32768"
    "memorysetup-temp-allocator-size-gi-baking-worker=262144"
    "memorysetup-temp-allocator-size-gfx=262144"
Player connection [21332] Host "[IP] 192.168.0.165 [Port] 0 [Flags] 2 [Guid] 2397031782 [EditorId] 2397031782 [Version] 1048832 [Id] WindowsEditor(7,Shika) [Debug] 1 [PackageName] WindowsEditor [ProjectName] Editor" joined multi-casting on [225.0.0.222:54997]...

Player connection [21332] Host "[IP] 192.168.0.165 [Port] 0 [Flags] 2 [Guid] 2397031782 [EditorId] 2397031782 [Version] 1048832 [Id] WindowsEditor(7,Shika) [Debug] 1 [PackageName] WindowsEditor [ProjectName] Editor" joined alternative multi-casting on [225.0.0.222:34997]...

[Physics::Module] Initialized MultithreadedJobDispatcher with 31 workers.
Refreshing native plugins compatible for Editor in 5.77 ms, found 3 plugins.
Preloading 0 native plugins for Editor in 0.00 ms.
Initialize engine version: 2022.3.24f1 (334eb2a0b267)
[Subsystems] Discovering subsystems at path D:/unity/Unity 2022.3.24f1/Editor/Data/Resources/UnitySubsystems
[Subsystems] Discovering subsystems at path D:/unity浣涓/My project (11)/Assets
GfxDevice: creating device client; threaded=0; jobified=0
Direct3D:
    Version:  Direct3D 11.0 [level 11.1]
    Renderer: NVIDIA GeForce RTX 4060 Laptop GPU (ID=0x28e0)
    Vendor:   NVIDIA
    VRAM:     7957 MB
    Driver:   32.0.15.6094
Initialize mono
Mono path[0] = 'D:/unity/Unity 2022.3.24f1/Editor/Data/Managed'
Mono path[1] = 'D:/unity/Unity 2022.3.24f1/Editor/Data/MonoBleedingEdge/lib/mono/unityjit-win32'
Mono config path = 'D:/unity/Unity 2022.3.24f1/Editor/Data/MonoBleedingEdge/etc'
Using monoOptions --debugger-agent=transport=dt_socket,embedding=1,server=y,suspend=n,address=127.0.0.1:56676
Begin MonoManager ReloadAssembly
Registering precompiled unity dll's ...
Register platform support module: D:/unity/Unity 2022.3.24f1/Editor/Data/PlaybackEngines/WindowsStandaloneSupport/UnityEditor.WindowsStandalone.Extensions.dll
Registered in 0.002434 seconds.
- Loaded All Assemblies, in  0.264 seconds
Native extension for WindowsStandalone target not found
Mono: successfully reloaded assembly
- Finished resetting the current domain, in  0.197 seconds
Domain Reload Profiling: 461ms
	BeginReloadAssembly (92ms)
		ExecutionOrderSort (0ms)
		DisableScriptedObjects (0ms)
		BackupInstance (0ms)
		ReleaseScriptingObjects (0ms)
		CreateAndSetChildDomain (0ms)
	RebuildCommonClasses (28ms)
	RebuildNativeTypeToScriptingClass (7ms)
	initialDomainReloadingComplete (33ms)
	LoadAllAssembliesAndSetupDomain (103ms)
		LoadAssemblies (93ms)
		RebuildTransferFunctionScriptingTraits (0ms)
		AnalyzeDomain (101ms)
			TypeCache.Refresh (100ms)
				TypeCache.ScanAssembly (91ms)
			ScanForSourceGeneratedMonoScriptInfo (0ms)
			ResolveRequiredComponents (0ms)
	FinalizeReload (198ms)
		ReleaseScriptCaches (0ms)
		RebuildScriptCaches (0ms)
		SetupLoadedEditorAssemblies (157ms)
			LogAssemblyErrors (0ms)
			InitializePlatformSupportModulesInManaged (5ms)
			SetLoadedEditorAssemblies (5ms)
			RefreshPlugins (0ms)
			BeforeProcessingInitializeOnLoad (1ms)
			ProcessInitializeOnLoadAttributes (106ms)
			ProcessInitializeOnLoadMethodAttributes (39ms)
			AfterProcessingInitializeOnLoad (0ms)
			EditorAssembliesLoaded (0ms)
		ExecutionOrderSort2 (0ms)
		AwakeInstancesAfterBackupRestoration (0ms)
========================================================================
Worker process is ready to serve import requests
Begin MonoManager ReloadAssembly
- Loaded All Assemblies, in  0.464 seconds
Refreshing native plugins compatible for Editor in 2.43 ms, found 3 plugins.
Native extension for WindowsStandalone target not found
Package Manager log level set to [2]
[Package Manager] Server::EnsureServerProcessIsRunning -- launch failed, reason: Unity was launched with the -noUpm command-line argument
[Package Manager] UpmClient::Send -- Unable to send message (not connected to UPM process).
[Package Manager] Cannot connect to Unity Package Manager local server
Mono: successfully reloaded assembly
- Finished resetting the current domain, in  0.412 seconds
Domain Reload Profiling: 877ms
	BeginReloadAssembly (122ms)
		ExecutionOrderSort (0ms)
		DisableScriptedObjects (4ms)
		BackupInstance (0ms)
		ReleaseScriptingObjects (0ms)
		CreateAndSetChildDomain (15ms)
	RebuildCommonClasses (24ms)
	RebuildNativeTypeToScriptingClass (7ms)
	initialDomainReloadingComplete (24ms)
	LoadAllAssembliesAndSetupDomain (288ms)
		LoadAssemblies (238ms)
		RebuildTransferFunctionScriptingTraits (0ms)
		AnalyzeDomain (130ms)
			TypeCache.Refresh (112ms)
				TypeCache.ScanAssembly (101ms)
			ScanForSourceGeneratedMonoScriptInfo (13ms)
			ResolveRequiredComponents (4ms)
	FinalizeReload (413ms)
		ReleaseScriptCaches (0ms)
		RebuildScriptCaches (0ms)
		SetupLoadedEditorAssemblies (314ms)
			LogAssemblyErrors (0ms)
			InitializePlatformSupportModulesInManaged (3ms)
			SetLoadedEditorAssemblies (2ms)
			RefreshPlugins (0ms)
			BeforeProcessingInitializeOnLoad (45ms)
			ProcessInitializeOnLoadAttributes (250ms)
			ProcessInitializeOnLoadMethodAttributes (13ms)
			AfterProcessingInitializeOnLoad (2ms)
			EditorAssembliesLoaded (0ms)
		ExecutionOrderSort2 (0ms)
		AwakeInstancesAfterBackupRestoration (6ms)
Launched and connected shader compiler UnityShaderCompiler.exe after 0.06 seconds
Refreshing native plugins compatible for Editor in 2.74 ms, found 3 plugins.
Preloading 0 native plugins for Editor in 0.00 ms.
Unloading 4090 Unused Serialized files (Serialized files now loaded: 0)
Unloading 57 unused Assets / (195.6 KB). Loaded Objects now: 4556.
Memory consumption went from 157.0 MB to 156.8 MB.
Total: 3.397400 ms (FindLiveObjects: 0.249200 ms CreateObjectMapping: 0.069000 ms MarkObjects: 2.913200 ms  DeleteObjects: 0.165400 ms)

AssetImportParameters requested are different than current active one (requested -> active):
  custom:container-demuxer-ogg: 62fdf1f143b41e24485cea50d1cbac27 -> 
  custom:video-codec-MediaFoundation-h265: 746d11721c4dcdbdad8f713fa42b33f4 -> 
  custom:video-decoder-ogg-theora: a1e56fd34408186e4bbccfd4996cb3dc -> 
  custom:framework-win-MediaFoundation: 216162199b28c13a410421893ffa2e32 -> 
  custom:CustomObjectIndexerAttribute: 9a22284fe3817be447336de3de66b15e -> 
  custom:container-demuxer-webm: 4f35f7cbe854078d1ac9338744f61a02 -> 
  custom:container-muxer-webm: aa71ff27fc2769a1b78a27578f13a17b -> 
  custom:video-decoder-webm-vp8: 9c59270c3fd7afecdb556c50c9e8de78 -> 
  custom:SearchIndexIgnoredProperties: e643bd26f0fe6173181afceb89e7c659 -> 
  custom:AudioImporter_EditorPlatform: d09bf68614088b80899f8185d706f6e7 -> 
  custom:video-encoder-webm-vp8: eb34c28f22e8b96e1ab97ce403110664 -> 
  custom:audio-decoder-ogg-vorbis: bf7c407c2cedff20999df2af8eb42d56 -> 
  custom:audio-encoder-webm-vorbis: bf7c407c2cedff20999df2af8eb42d56 -> 
========================================================================
Received Import Request.
  Time since last request: 1166293.656197 seconds.
  path: Assets/Player anime/DamageReceive.fbx
  artifactKey: Guid(71ea1cc94fabfc94eb998e643997737e) Importer(815301076,1909f56bfc062723c751e8b465ee728b)
Start importing Assets/Player anime/DamageReceive.fbx using Guid(71ea1cc94fabfc94eb998e643997737e) Importer(815301076,1909f56bfc062723c751e8b465ee728b)  -> (artifact id: '03c70c83435dec66146b42a0959cfdad') in 0.178754 seconds
Number of updated asset objects reloaded before import = 0
Number of asset objects unloaded after import = 171
========================================================================
Received Import Request.
  Time since last request: 214.871271 seconds.
  path: Assets/Player anime/Stop.fbx
  artifactKey: Guid(49333d569c2b0fa42acbdc9e7d37246a) Importer(815301076,1909f56bfc062723c751e8b465ee728b)
Start importing Assets/Player anime/Stop.fbx using Guid(49333d569c2b0fa42acbdc9e7d37246a) Importer(815301076,1909f56bfc062723c751e8b465ee728b)  -> (artifact id: '856fbe5bccb020979b48d6d7e6b9ada5') in 0.343313 seconds
Number of updated asset objects reloaded before import = 0
Number of asset objects unloaded after import = 190
========================================================================
Received Import Request.
  Time since last request: 42.080907 seconds.
  path: Assets/Player anime/Stop.fbx
  artifactKey: Guid(49333d569c2b0fa42acbdc9e7d37246a) Importer(815301076,1909f56bfc062723c751e8b465ee728b)
Start importing Assets/Player anime/Stop.fbx using Guid(49333d569c2b0fa42acbdc9e7d37246a) Importer(815301076,1909f56bfc062723c751e8b465ee728b)  -> (artifact id: '9922b4e5df5fb7147e4db33bbdbe60d3') in 0.038176 seconds
Number of updated asset objects reloaded before import = 0
Number of asset objects unloaded after import = 190
========================================================================
Received Import Request.
  Time since last request: 24.747589 seconds.
  path: Assets/Player anime/Stop.fbx
  artifactKey: Guid(49333d569c2b0fa42acbdc9e7d37246a) Importer(815301076,1909f56bfc062723c751e8b465ee728b)
Start importing Assets/Player anime/Stop.fbx using Guid(49333d569c2b0fa42acbdc9e7d37246a) Importer(815301076,1909f56bfc062723c751e8b465ee728b)  -> (artifact id: '34f4941c4857de9f433c4d280b0f13e9') in 0.071390 seconds
Number of updated asset objects reloaded before import = 0
Number of asset objects unloaded after import = 190
========================================================================
Received Import Request.
  Time since last request: 6.192103 seconds.
  path: Assets/Player anime/Stop.fbx
  artifactKey: Guid(49333d569c2b0fa42acbdc9e7d37246a) Importer(815301076,1909f56bfc062723c751e8b465ee728b)
Start importing Assets/Player anime/Stop.fbx using Guid(49333d569c2b0fa42acbdc9e7d37246a) Importer(815301076,1909f56bfc062723c751e8b465ee728b)  -> (artifact id: 'd0f19c172b94db8f0c273d4622e8af0d') in 0.040236 seconds
Number of updated asset objects reloaded before import = 0
Number of asset objects unloaded after import = 190
========================================================================
Received Import Request.
  Time since last request: 421.613512 seconds.
  path: Assets/Player anime/Stop.fbx
  artifactKey: Guid(49333d569c2b0fa42acbdc9e7d37246a) Importer(815301076,1909f56bfc062723c751e8b465ee728b)
Start importing Assets/Player anime/Stop.fbx using Guid(49333d569c2b0fa42acbdc9e7d37246a) Importer(815301076,1909f56bfc062723c751e8b465ee728b)  -> (artifact id: '8be3999696b5b2adf562f34e94e9b230') in 0.034331 seconds
Number of updated asset objects reloaded before import = 0
Number of asset objects unloaded after import = 190
========================================================================
Received Import Request.
  Time since last request: 11.662275 seconds.
  path: Assets/Player anime/Stop.fbx
  artifactKey: Guid(49333d569c2b0fa42acbdc9e7d37246a) Importer(815301076,1909f56bfc062723c751e8b465ee728b)
Start importing Assets/Player anime/Stop.fbx using Guid(49333d569c2b0fa42acbdc9e7d37246a) Importer(815301076,1909f56bfc062723c751e8b465ee728b)  -> (artifact id: '7c3feb5cfb7bb031536e118578771227') in 0.036102 seconds
Number of updated asset objects reloaded before import = 0
Number of asset objects unloaded after import = 190
========================================================================
Received Import Request.
  Time since last request: 933.373288 seconds.
  path: Assets/Player anime/Stop.fbx
  artifactKey: Guid(49333d569c2b0fa42acbdc9e7d37246a) Importer(815301076,1909f56bfc062723c751e8b465ee728b)
Start importing Assets/Player anime/Stop.fbx using Guid(49333d569c2b0fa42acbdc9e7d37246a) Importer(815301076,1909f56bfc062723c751e8b465ee728b)  -> (artifact id: '517354839b03c6a1d4635ac107c90264') in 0.201737 seconds
Number of updated asset objects reloaded before import = 0
Number of asset objects unloaded after import = 190
========================================================================
Received Import Request.
  Time since last request: 17.384155 seconds.
  path: Assets/Player anime/Stop.fbx
  artifactKey: Guid(49333d569c2b0fa42acbdc9e7d37246a) Importer(815301076,1909f56bfc062723c751e8b465ee728b)
Start importing Assets/Player anime/Stop.fbx using Guid(49333d569c2b0fa42acbdc9e7d37246a) Importer(815301076,1909f56bfc062723c751e8b465ee728b)  -> (artifact id: '2eef18b78fb2752840a2dc1cc3066c37') in 0.063243 seconds
Number of updated asset objects reloaded before import = 0
Number of asset objects unloaded after import = 190
========================================================================
Received Import Request.
  Time since last request: 22.025627 seconds.
  path: Assets/Player anime/Stop.fbx
  artifactKey: Guid(49333d569c2b0fa42acbdc9e7d37246a) Importer(815301076,1909f56bfc062723c751e8b465ee728b)
Start importing Assets/Player anime/Stop.fbx using Guid(49333d569c2b0fa42acbdc9e7d37246a) Importer(815301076,1909f56bfc062723c751e8b465ee728b)  -> (artifact id: '8495411095df4541eca6fa0cf3218ae9') in 0.079885 seconds
Number of updated asset objects reloaded before import = 0
Number of asset objects unloaded after import = 189
========================================================================
Received Import Request.
  Time since last request: 20.802681 seconds.
  path: Assets/Player anime/Stop.fbx
  artifactKey: Guid(49333d569c2b0fa42acbdc9e7d37246a) Importer(815301076,1909f56bfc062723c751e8b465ee728b)
Start importing Assets/Player anime/Stop.fbx using Guid(49333d569c2b0fa42acbdc9e7d37246a) Importer(815301076,1909f56bfc062723c751e8b465ee728b)  -> (artifact id: '4eb91cc35f541bc66a95c3a277920a86') in 0.210716 seconds
Number of updated asset objects reloaded before import = 0
Number of asset objects unloaded after import = 190
========================================================================
Received Import Request.
  Time since last request: 27.032602 seconds.
  path: Assets/Player anime/Stop.fbx
  artifactKey: Guid(49333d569c2b0fa42acbdc9e7d37246a) Importer(815301076,1909f56bfc062723c751e8b465ee728b)
Start importing Assets/Player anime/Stop.fbx using Guid(49333d569c2b0fa42acbdc9e7d37246a) Importer(815301076,1909f56bfc062723c751e8b465ee728b)  -> (artifact id: 'd88b10be370cf1e9eefcc18250ae2b01') in 0.036398 seconds
Number of updated asset objects reloaded before import = 0
Number of asset objects unloaded after import = 190
========================================================================
Received Import Request.
  Time since last request: 22.415398 seconds.
  path: Assets/Player anime/Stop.fbx
  artifactKey: Guid(49333d569c2b0fa42acbdc9e7d37246a) Importer(815301076,1909f56bfc062723c751e8b465ee728b)
Start importing Assets/Player anime/Stop.fbx using Guid(49333d569c2b0fa42acbdc9e7d37246a) Importer(815301076,1909f56bfc062723c751e8b465ee728b)  -> (artifact id: 'd2dd92308c08921cc820984f787363c1') in 0.290013 seconds
Number of updated asset objects reloaded before import = 0
Number of asset objects unloaded after import = 190
========================================================================
Received Import Request.
  Time since last request: 1.786419 seconds.
  path: Assets/Player anime/Stop.fbx
  artifactKey: Guid(49333d569c2b0fa42acbdc9e7d37246a) Importer(815301076,1909f56bfc062723c751e8b465ee728b)
Start importing Assets/Player anime/Stop.fbx using Guid(49333d569c2b0fa42acbdc9e7d37246a) Importer(815301076,1909f56bfc062723c751e8b465ee728b)  -> (artifact id: 'fbb45e27919af41d0da1d022f6c8139d') in 0.048902 seconds
Number of updated asset objects reloaded before import = 0
Number of asset objects unloaded after import = 190
========================================================================
Received Import Request.
  Time since last request: 18.211713 seconds.
  path: Assets/Player anime/Stop.fbx
  artifactKey: Guid(49333d569c2b0fa42acbdc9e7d37246a) Importer(815301076,1909f56bfc062723c751e8b465ee728b)
Start importing Assets/Player anime/Stop.fbx using Guid(49333d569c2b0fa42acbdc9e7d37246a) Importer(815301076,1909f56bfc062723c751e8b465ee728b)  -> (artifact id: '44b6f1eae288eb0ef38a2e3a80668940') in 0.095975 seconds
Number of updated asset objects reloaded before import = 0
Number of asset objects unloaded after import = 190
========================================================================
Received Import Request.
  Time since last request: 12.614073 seconds.
  path: Assets/Player anime/New Folder/character_face_BaseColor.png
  artifactKey: Guid(538c013bd83deb840addf000556ae8da) Importer(815301076,1909f56bfc062723c751e8b465ee728b)
Start importing Assets/Player anime/New Folder/character_face_BaseColor.png using Guid(538c013bd83deb840addf000556ae8da) Importer(815301076,1909f56bfc062723c751e8b465ee728b)  -> (artifact id: '8f377ce11b4344502c9679abeb5ae7b4') in 0.012057 seconds
Number of updated asset objects reloaded before import = 0
Number of asset objects unloaded after import = 2
========================================================================
Received Import Request.
  Time since last request: 0.076067 seconds.
  path: Assets/Player anime/New Folder/character_hearmesshu_cape_Roughness.png
  artifactKey: Guid(74c92a6d57a84e74284feab26a29b433) Importer(815301076,1909f56bfc062723c751e8b465ee728b)
Start importing Assets/Player anime/New Folder/character_hearmesshu_cape_Roughness.png using Guid(74c92a6d57a84e74284feab26a29b433) Importer(815301076,1909f56bfc062723c751e8b465ee728b)  -> (artifact id: '8555a1f6448331b0080170c890dd012f') in 0.004727 seconds
Number of updated asset objects reloaded before import = 0
Number of asset objects unloaded after import = 2
========================================================================
Received Import Request.
  Time since last request: 0.075660 seconds.
  path: Assets/Player anime/New Folder/character_pantu_BaseColor.png
  artifactKey: Guid(d1a4929bbd95c5241835e5473653b282) Importer(815301076,1909f56bfc062723c751e8b465ee728b)
Start importing Assets/Player anime/New Folder/character_pantu_BaseColor.png using Guid(d1a4929bbd95c5241835e5473653b282) Importer(815301076,1909f56bfc062723c751e8b465ee728b)  -> (artifact id: 'db8845dc8c86118079396d31b2b8355a') in 0.004582 seconds
Number of updated asset objects reloaded before import = 0
Number of asset objects unloaded after import = 2
========================================================================
Received Import Request.
  Time since last request: 0.079036 seconds.
  path: Assets/Player anime/New Folder/eye_base.png
  artifactKey: Guid(59e28839393155746bf4f7edb7a2d830) Importer(815301076,1909f56bfc062723c751e8b465ee728b)
Start importing Assets/Player anime/New Folder/eye_base.png using Guid(59e28839393155746bf4f7edb7a2d830) Importer(815301076,1909f56bfc062723c751e8b465ee728b)  -> (artifact id: 'eee186f8161da8540cedc2f6be837a73') in 0.005586 seconds
Number of updated asset objects reloaded before import = 0
Number of asset objects unloaded after import = 2
========================================================================
Received Import Request.
  Time since last request: 0.000011 seconds.
  path: Assets/Player anime/New Folder/EL_me.png
  artifactKey: Guid(6d8f7138a38f4654595bf39668fa0f87) Importer(815301076,1909f56bfc062723c751e8b465ee728b)
Start importing Assets/Player anime/New Folder/EL_me.png using Guid(6d8f7138a38f4654595bf39668fa0f87) Importer(815301076,1909f56bfc062723c751e8b465ee728b)  -> (artifact id: '59bb25c09ace894af8649363bcb648d4') in 0.005214 seconds
Number of updated asset objects reloaded before import = 0
Number of asset objects unloaded after import = 2
========================================================================
Received Import Request.
  Time since last request: 0.000013 seconds.
  path: Assets/Player anime/New Folder/character_huku_sasiiro_BaseColor.png
  artifactKey: Guid(4639c517b1f6655468bda6ed46e183f4) Importer(815301076,1909f56bfc062723c751e8b465ee728b)
Start importing Assets/Player anime/New Folder/character_huku_sasiiro_BaseColor.png using Guid(4639c517b1f6655468bda6ed46e183f4) Importer(815301076,1909f56bfc062723c751e8b465ee728b)  -> (artifact id: '0c98aa07d331c4fbc50ce3dc4846b744') in 0.004917 seconds
Number of updated asset objects reloaded before import = 0
Number of asset objects unloaded after import = 2
Editor requested this worker to shutdown with reason: Scaling down because of idle timeout
TcpMessagingSession - receive error: operation aborted. errorcode: 995, details: 由于线程退出或应用程序请求，已中止 I/O 操作。
AssetImportWorker is now disconnected from the server
Process exiting
Exiting without the bug reporter. Application will terminate with return code 0